[0.020s] Invoking command in '/home/tuan/CPP/build/search_map': CMAKE_PREFIX_PATH=/opt/ros/humble /usr/bin/cmake --build /home/tuan/CPP/build/search_map -- -j8 -l8
[0.034s] /usr/bin/cmake -S/home/tuan/CPP -B/home/tuan/CPP/build/search_map --check-build-system CMakeFiles/Makefile.cmake 0
[0.058s] -- Found ament_cmake: 1.3.8 (/opt/ros/humble/share/ament_cmake/cmake)
[0.239s] -- Override CMake install command with custom implementation using symlinks instead of copying resources
[0.253s] -- Found sensor_msgs: 4.2.3 (/opt/ros/humble/share/sensor_msgs/cmake)
[0.293s] -- Found rosidl_generator_c: 3.1.5 (/opt/ros/humble/share/rosidl_generator_c/cmake)
[0.298s] -- Found rosidl_adapter: 3.1.5 (/opt/ros/humble/share/rosidl_adapter/cmake)
[0.311s] -- Found rosidl_generator_cpp: 3.1.5 (/opt/ros/humble/share/rosidl_generator_cpp/cmake)
[0.328s] -- Using all available rosidl_typesupport_c: rosidl_typesupport_fastrtps_c;rosidl_typesupport_introspection_c
[0.352s] -- Using all available rosidl_typesupport_cpp: rosidl_typesupport_fastrtps_cpp;rosidl_typesupport_introspection_cpp
[0.714s] -- Found nav_msgs: 4.2.3 (/opt/ros/humble/share/nav_msgs/cmake)
[0.857s] -- Found rclcpp: 16.0.8 (/opt/ros/humble/share/rclcpp/cmake)
[0.948s] -- Found rmw_implementation_cmake: 6.1.1 (/opt/ros/humble/share/rmw_implementation_cmake/cmake)
[0.951s] -- Found rmw_fastrtps_cpp: 6.2.6 (/opt/ros/humble/share/rmw_fastrtps_cpp/cmake)
[1.155s] -- Using RMW implementation 'rmw_fastrtps_cpp' as default
[1.429s] -- Found pluginlib: 5.1.0 (/opt/ros/humble/share/pluginlib/cmake)
[1.458s] -- Found nav2_util: 1.1.13 (/opt/ros/humble/share/nav2_util/cmake)
[2.225s] -- Found eigen3_cmake_module: 0.1.1 (/opt/ros/humble/share/eigen3_cmake_module/cmake)
[2.227s] -- Ensuring Eigen3 include directory is part of orocos-kdl CMake target
[2.536s] -- Found nav2_map_server: 1.1.13 (/opt/ros/humble/share/nav2_map_server/cmake)
[4.613s] -- Found visualization_msgs: 4.2.3 (/opt/ros/humble/share/visualization_msgs/cmake)
[14.955s] -- Found ament_lint_auto: 0.12.10 (/opt/ros/humble/share/ament_lint_auto/cmake)
[15.193s] -- Added test 'cppcheck' to perform static code analysis on C / C++ code
[15.193s] -- Configured cppcheck include dirs: /home/tuan/CPP/include
[15.193s] -- Configured cppcheck exclude dirs and/or files: 
[15.204s] -- Added test 'flake8' to check Python code syntax and style conventions
[15.221s] -- Added test 'lint_cmake' to check CMake code style
[15.228s] -- Added test 'pep257' to check Python code against some of the docstring style conventions in PEP 257
[15.311s] -- Added test 'uncrustify' to check C / C++ code style
[15.311s] -- Configured uncrustify additional arguments: 
[15.323s] -- Added test 'xmllint' to check XML markup files
[15.336s] -- Configuring done
[15.342s] [31mCMake Error at CMakeLists.txt:32 (add_library):
[15.342s]   Cannot find source file:
[15.342s] 
[15.342s]     src/algorithm/a_start.cpp
[15.343s] 
[15.343s]   Tried extensions .c .C .c++ .cc .cpp .cxx .cu .mpp .m .M .mm .ixx .cppm .h
[15.343s]   .hh .h++ .hm .hpp .hxx .in .txx .f .F .for .f77 .f90 .f95 .f03 .hip .ispc
[15.343s] 
[15.343s] [0m
[15.360s] [31mCMake Error at CMakeLists.txt:32 (add_library):
[15.360s]   No SOURCES given to target: search_map_package
[15.360s] 
[15.360s] [0m
[15.360s] [0mCMake Generate step failed.  Build files cannot be regenerated correctly.[0m
[15.388s] gmake: *** [Makefile:338: cmake_check_build_system] Error 1
[15.394s] Invoked command in '/home/tuan/CPP/build/search_map' returned '2': CMAKE_PREFIX_PATH=/opt/ros/humble /usr/bin/cmake --build /home/tuan/CPP/build/search_map -- -j8 -l8
