[0.021s] Invoking command in '/home/tuan/CPP/build/search_map': CMAKE_PREFIX_PATH=/opt/ros/humble /usr/bin/cmake --build /home/tuan/CPP/build/search_map -- -j8 -l8
[0.038s] /usr/bin/cmake -S/home/tuan/CPP -B/home/tuan/CPP/build/search_map --check-build-system CMakeFiles/Makefile.cmake 0
[0.065s] -- Found ament_cmake: 1.3.8 (/opt/ros/humble/share/ament_cmake/cmake)
[0.253s] -- Override CMake install command with custom implementation using symlinks instead of copying resources
[0.266s] -- Found sensor_msgs: 4.2.3 (/opt/ros/humble/share/sensor_msgs/cmake)
[0.303s] -- Found rosidl_generator_c: 3.1.5 (/opt/ros/humble/share/rosidl_generator_c/cmake)
[0.308s] -- Found rosidl_adapter: 3.1.5 (/opt/ros/humble/share/rosidl_adapter/cmake)
[0.320s] -- Found rosidl_generator_cpp: 3.1.5 (/opt/ros/humble/share/rosidl_generator_cpp/cmake)
[0.339s] -- Using all available rosidl_typesupport_c: rosidl_typesupport_fastrtps_c;rosidl_typesupport_introspection_c
[0.364s] -- Using all available rosidl_typesupport_cpp: rosidl_typesupport_fastrtps_cpp;rosidl_typesupport_introspection_cpp
[0.712s] -- Found nav_msgs: 4.2.3 (/opt/ros/humble/share/nav_msgs/cmake)
[0.851s] -- Found rclcpp: 16.0.8 (/opt/ros/humble/share/rclcpp/cmake)
[0.930s] -- Found rmw_implementation_cmake: 6.1.1 (/opt/ros/humble/share/rmw_implementation_cmake/cmake)
[0.933s] -- Found rmw_fastrtps_cpp: 6.2.6 (/opt/ros/humble/share/rmw_fastrtps_cpp/cmake)
[1.121s] -- Using RMW implementation 'rmw_fastrtps_cpp' as default
[1.334s] -- Found pluginlib: 5.1.0 (/opt/ros/humble/share/pluginlib/cmake)
[1.359s] -- Found nav2_util: 1.1.13 (/opt/ros/humble/share/nav2_util/cmake)
[2.220s] -- Found eigen3_cmake_module: 0.1.1 (/opt/ros/humble/share/eigen3_cmake_module/cmake)
[2.222s] -- Ensuring Eigen3 include directory is part of orocos-kdl CMake target
[2.561s] -- Found nav2_map_server: 1.1.13 (/opt/ros/humble/share/nav2_map_server/cmake)
[14.050s] -- Found ament_lint_auto: 0.12.10 (/opt/ros/humble/share/ament_lint_auto/cmake)
[14.179s] -- Added test 'cppcheck' to perform static code analysis on C / C++ code
[14.179s] -- Configured cppcheck include dirs: /home/tuan/CPP/include
[14.179s] -- Configured cppcheck exclude dirs and/or files: 
[14.183s] -- Added test 'flake8' to check Python code syntax and style conventions
[14.190s] -- Added test 'lint_cmake' to check CMake code style
[14.194s] -- Added test 'pep257' to check Python code against some of the docstring style conventions in PEP 257
[14.217s] -- Added test 'uncrustify' to check C / C++ code style
[14.217s] -- Configured uncrustify additional arguments: 
[14.220s] -- Added test 'xmllint' to check XML markup files
[14.221s] -- Configuring done
[14.228s] [31mCMake Error at CMakeLists.txt:50 (add_executable):
[14.228s]   Cannot find source file:
[14.228s] 
[14.228s]     src/src/Main.cpp
[14.229s] 
[14.229s]   Tried extensions .c .C .c++ .cc .cpp .cxx .cu .mpp .m .M .mm .ixx .cppm .h
[14.229s]   .hh .h++ .hm .hpp .hxx .in .txx .f .F .for .f77 .f90 .f95 .f03 .hip .ispc
[14.229s] 
[14.229s] [0m
[14.231s] [31mCMake Error at CMakeLists.txt:50 (add_executable):
[14.231s]   No SOURCES given to target: search_map
[14.231s] 
[14.231s] [0m
[14.232s] [0mCMake Generate step failed.  Build files cannot be regenerated correctly.[0m
[14.240s] gmake: *** [Makefile:338: cmake_check_build_system] Error 1
[14.243s] Invoked command in '/home/tuan/CPP/build/search_map' returned '2': CMAKE_PREFIX_PATH=/opt/ros/humble /usr/bin/cmake --build /home/tuan/CPP/build/search_map -- -j8 -l8
