[0.016s] Invoking command in '/home/tuan/CPP/build/search_map': CMAKE_PREFIX_PATH=/opt/ros/humble /usr/bin/cmake --build /home/tuan/CPP/build/search_map -- -j8 -l8
[0.027s] /usr/bin/cmake -S/home/tuan/CPP -B/home/tuan/CPP/build/search_map --check-build-system CMakeFiles/Makefile.cmake 0
[0.050s] -- Found ament_cmake: 1.3.8 (/opt/ros/humble/share/ament_cmake/cmake)
[0.278s] -- Override CMake install command with custom implementation using symlinks instead of copying resources
[0.291s] -- Found sensor_msgs: 4.2.3 (/opt/ros/humble/share/sensor_msgs/cmake)
[0.339s] -- Found rosidl_generator_c: 3.1.5 (/opt/ros/humble/share/rosidl_generator_c/cmake)
[0.343s] -- Found rosidl_adapter: 3.1.5 (/opt/ros/humble/share/rosidl_adapter/cmake)
[0.353s] -- Found rosidl_generator_cpp: 3.1.5 (/opt/ros/humble/share/rosidl_generator_cpp/cmake)
[0.372s] -- Using all available rosidl_typesupport_c: rosidl_typesupport_fastrtps_c;rosidl_typesupport_introspection_c
[0.395s] -- Using all available rosidl_typesupport_cpp: rosidl_typesupport_fastrtps_cpp;rosidl_typesupport_introspection_cpp
[0.710s] -- Found nav_msgs: 4.2.3 (/opt/ros/humble/share/nav_msgs/cmake)
[0.821s] -- Found rclcpp: 16.0.8 (/opt/ros/humble/share/rclcpp/cmake)
[0.909s] -- Found rmw_implementation_cmake: 6.1.1 (/opt/ros/humble/share/rmw_implementation_cmake/cmake)
[0.911s] -- Found rmw_fastrtps_cpp: 6.2.6 (/opt/ros/humble/share/rmw_fastrtps_cpp/cmake)
[1.170s] -- Using RMW implementation 'rmw_fastrtps_cpp' as default
[1.463s] -- Found pluginlib: 5.1.0 (/opt/ros/humble/share/pluginlib/cmake)
[1.489s] -- Found nav2_util: 1.1.13 (/opt/ros/humble/share/nav2_util/cmake)
[2.358s] -- Found eigen3_cmake_module: 0.1.1 (/opt/ros/humble/share/eigen3_cmake_module/cmake)
[2.360s] -- Ensuring Eigen3 include directory is part of orocos-kdl CMake target
[2.712s] -- Found nav2_map_server: 1.1.13 (/opt/ros/humble/share/nav2_map_server/cmake)
[4.412s] -- Found visualization_msgs: 4.2.3 (/opt/ros/humble/share/visualization_msgs/cmake)
[13.052s] -- Found ament_lint_auto: 0.12.10 (/opt/ros/humble/share/ament_lint_auto/cmake)
[13.398s] -- Added test 'cppcheck' to perform static code analysis on C / C++ code
[13.399s] -- Configured cppcheck include dirs: /home/tuan/CPP/include
[13.400s] -- Configured cppcheck exclude dirs and/or files: 
[13.411s] -- Added test 'flake8' to check Python code syntax and style conventions
[13.432s] -- Added test 'lint_cmake' to check CMake code style
[13.444s] -- Added test 'pep257' to check Python code against some of the docstring style conventions in PEP 257
[13.513s] -- Added test 'uncrustify' to check C / C++ code style
[13.514s] -- Configured uncrustify additional arguments: 
[13.521s] -- Added test 'xmllint' to check XML markup files
[13.523s] -- Configuring done
[13.674s] [31mCMake Error at CMakeLists.txt:32 (add_library):
[13.674s]   Cannot find source file:
[13.674s] 
[13.675s]     src/algorithm/a_start.cpp
[13.675s] 
[13.675s]   Tried extensions .c .C .c++ .cc .cpp .cxx .cu .mpp .m .M .mm .ixx .cppm .h
[13.675s]   .hh .h++ .hm .hpp .hxx .in .txx .f .F .for .f77 .f90 .f95 .f03 .hip .ispc
[13.675s] 
[13.675s] [0m
[13.675s] [31mCMake Error at CMakeLists.txt:32 (add_library):
[13.676s]   No SOURCES given to target: search_map_package
[13.676s] 
[13.676s] [0m
[13.676s] [0mCMake Generate step failed.  Build files cannot be regenerated correctly.[0m
[13.677s] gmake: *** [Makefile:338: cmake_check_build_system] Error 1
[13.677s] Invoked command in '/home/tuan/CPP/build/search_map' returned '2': CMAKE_PREFIX_PATH=/opt/ros/humble /usr/bin/cmake --build /home/tuan/CPP/build/search_map -- -j8 -l8
