[0.016s] Invoking command in '/home/tuan/CPP/build/search_map': CMAKE_PREFIX_PATH=${CMAKE_PREFIX_PATH}:/opt/ros/humble /usr/bin/cmake --build /home/tuan/CPP/build/search_map -- -j8 -l8
[0.030s] /usr/bin/cmake -S/home/tuan/CPP -B/home/tuan/CPP/build/search_map --check-build-system CMakeFiles/Makefile.cmake 0
[0.053s] -- Found ament_cmake: 1.3.8 (/opt/ros/humble/share/ament_cmake/cmake)
[0.240s] -- Override CMake install command with custom implementation using symlinks instead of copying resources
[0.253s] -- Found sensor_msgs: 4.2.3 (/opt/ros/humble/share/sensor_msgs/cmake)
[0.295s] -- Found rosidl_generator_c: 3.1.5 (/opt/ros/humble/share/rosidl_generator_c/cmake)
[0.299s] -- Found rosidl_adapter: 3.1.5 (/opt/ros/humble/share/rosidl_adapter/cmake)
[0.308s] -- Found rosidl_generator_cpp: 3.1.5 (/opt/ros/humble/share/rosidl_generator_cpp/cmake)
[0.323s] -- Using all available rosidl_typesupport_c: rosidl_typesupport_fastrtps_c;rosidl_typesupport_introspection_c
[0.345s] -- Using all available rosidl_typesupport_cpp: rosidl_typesupport_fastrtps_cpp;rosidl_typesupport_introspection_cpp
[0.630s] -- Found nav_msgs: 4.2.3 (/opt/ros/humble/share/nav_msgs/cmake)
[0.725s] -- Found rclcpp: 16.0.8 (/opt/ros/humble/share/rclcpp/cmake)
[0.783s] -- Found rmw_implementation_cmake: 6.1.1 (/opt/ros/humble/share/rmw_implementation_cmake/cmake)
[0.784s] -- Found rmw_fastrtps_cpp: 6.2.6 (/opt/ros/humble/share/rmw_fastrtps_cpp/cmake)
[0.937s] -- Using RMW implementation 'rmw_fastrtps_cpp' as default
[1.111s] -- Found pluginlib: 5.1.0 (/opt/ros/humble/share/pluginlib/cmake)
[1.133s] -- Found nav2_util: 1.1.13 (/opt/ros/humble/share/nav2_util/cmake)
[1.759s] -- Found eigen3_cmake_module: 0.1.1 (/opt/ros/humble/share/eigen3_cmake_module/cmake)
[1.760s] -- Ensuring Eigen3 include directory is part of orocos-kdl CMake target
[2.001s] -- Found nav2_map_server: 1.1.13 (/opt/ros/humble/share/nav2_map_server/cmake)
[3.326s] -- Found visualization_msgs: 4.2.3 (/opt/ros/humble/share/visualization_msgs/cmake)
[10.361s] -- Found ament_lint_auto: 0.12.10 (/opt/ros/humble/share/ament_lint_auto/cmake)
[10.566s] -- Added test 'cppcheck' to perform static code analysis on C / C++ code
[10.567s] -- Configured cppcheck include dirs: /home/tuan/CPP/include
[10.567s] -- Configured cppcheck exclude dirs and/or files: 
[10.583s] -- Added test 'flake8' to check Python code syntax and style conventions
[10.613s] -- Added test 'lint_cmake' to check CMake code style
[10.630s] -- Added test 'pep257' to check Python code against some of the docstring style conventions in PEP 257
[10.760s] -- Added test 'uncrustify' to check C / C++ code style
[10.760s] -- Configured uncrustify additional arguments: 
[10.777s] -- Added test 'xmllint' to check XML markup files
[10.778s] -- Configuring done
[10.888s] -- Generating done
[10.890s] -- Build files have been written to: /home/tuan/CPP/build/search_map
[10.901s] /usr/bin/cmake -E cmake_progress_start /home/tuan/CPP/build/search_map/CMakeFiles /home/tuan/CPP/build/search_map//CMakeFiles/progress.marks
[10.911s] /usr/bin/gmake  -f CMakeFiles/Makefile2 all
[10.913s] gmake[1]: Entering directory '/home/tuan/CPP/build/search_map'
[10.913s] /usr/bin/gmake  -f CMakeFiles/search_map_package.dir/build.make CMakeFiles/search_map_package.dir/depend
[10.915s] gmake[2]: Entering directory '/home/tuan/CPP/build/search_map'
[10.915s] cd /home/tuan/CPP/build/search_map && /usr/bin/cmake -E cmake_depends "Unix Makefiles" /home/tuan/CPP /home/tuan/CPP /home/tuan/CPP/build/search_map /home/tuan/CPP/build/search_map /home/tuan/CPP/build/search_map/CMakeFiles/search_map_package.dir/DependInfo.cmake --color=
[10.930s] [35m[1mConsolidate compiler generated dependencies of target search_map_package[0m
[10.956s] gmake[2]: Leaving directory '/home/tuan/CPP/build/search_map'
[10.956s] /usr/bin/gmake  -f CMakeFiles/search_map_package.dir/build.make CMakeFiles/search_map_package.dir/build
[10.966s] gmake[2]: Entering directory '/home/tuan/CPP/build/search_map'
[10.976s] [ 14%] [32mBuilding CXX object CMakeFiles/search_map_package.dir/src/alogrithm/a_start.cpp.o[0m
[10.977s] /usr/bin/c++ -DDEFAULT_RMW_IMPLEMENTATION=rmw_fastrtps_cpp -DGFLAGS_IS_A_DLL=0 -DGOOGLE_GLOG_DLL_DECL="" -DGOOGLE_GLOG_DLL_DECL_FOR_UNITTESTS="" -DPLUGINLIB__DISABLE_BOOST_FUNCTIONS -DRCUTILS_ENABLE_FAULT_INJECTION -Dsearch_map_package_EXPORTS -I/home/tuan/CPP/include -I/opt/ros/humble/include -I/opt/ros/humble/include/tf2_geometry_msgs -I/opt/ros/humble/include/rclcpp_lifecycle -I/opt/ros/humble/include/rclcpp_components -isystem /opt/ros/humble/include/sensor_msgs -isystem /opt/ros/humble/include/geometry_msgs -isystem /opt/ros/humble/include/nav_msgs -isystem /opt/ros/humble/include/rclcpp -isystem /opt/ros/humble/include/pluginlib -isystem /opt/ros/humble/include/visualization_msgs -isystem /opt/ros/humble/include/nav2_msgs -isystem /opt/ros/humble/include/tf2_ros -isystem /opt/ros/humble/include/tf2 -isystem /opt/ros/humble/include/lifecycle_msgs -isystem /opt/ros/humble/include/rclcpp_action -isystem /opt/ros/humble/include/bond -isystem /opt/ros/humble/include/action_msgs -isystem /opt/ros/humble/include/rcl_interfaces -isystem /opt/ros/humble/include/std_msgs -isystem /opt/ros/humble/include/builtin_interfaces -isystem /opt/ros/humble/include/rosidl_runtime_c -isystem /opt/ros/humble/include/rcutils -isystem /opt/ros/humble/include/rosidl_typesupport_interface -isystem /opt/ros/humble/include/fastcdr -isystem /opt/ros/humble/include/rosidl_runtime_cpp -isystem /opt/ros/humble/include/rosidl_typesupport_fastrtps_cpp -isystem /opt/ros/humble/include/rmw -isystem /opt/ros/humble/include/rosidl_typesupport_fastrtps_c -isystem /opt/ros/humble/include/rosidl_typesupport_introspection_c -isystem /opt/ros/humble/include/rosidl_typesupport_introspection_cpp -isystem /opt/ros/humble/include/ament_index_cpp -isystem /opt/ros/humble/include/libstatistics_collector -isystem /opt/ros/humble/include/rcl -isystem /opt/ros/humble/include/rcl_logging_interface -isystem /opt/ros/humble/include/rcl_yaml_param_parser -isystem /opt/ros/humble/include/libyaml_vendor -isystem /opt/ros/humble/include/tracetools -isystem /opt/ros/humble/include/rcpputils -isystem /opt/ros/humble/include/statistics_msgs -isystem /opt/ros/humble/include/rosgraph_msgs -isystem /opt/ros/humble/include/rosidl_typesupport_cpp -isystem /opt/ros/humble/include/rosidl_typesupport_c -isystem /opt/ros/humble/include/class_loader -isystem /opt/ros/humble/include/composition_interfaces -isystem /opt/ros/humble/include/unique_identifier_msgs -isystem /opt/ros/humble/include/message_filters -isystem /opt/ros/humble/include/rcl_action -isystem /opt/ros/humble/include/tf2_msgs -isystem /usr/include/eigen3 -isystem /opt/ros/humble/include/rcl_lifecycle -fPIC -Wall -Wextra -Wpedantic -MD -MT CMakeFiles/search_map_package.dir/src/alogrithm/a_start.cpp.o -MF CMakeFiles/search_map_package.dir/src/alogrithm/a_start.cpp.o.d -o CMakeFiles/search_map_package.dir/src/alogrithm/a_start.cpp.o -c /home/tuan/CPP/src/alogrithm/a_start.cpp
[14.840s] In file included from [01m[K/opt/ros/humble/include/class_loader/class_loader/class_loader_core.hpp:57[m[K,
[14.841s]                  from [01m[K/opt/ros/humble/include/class_loader/class_loader/class_loader.hpp:55[m[K,
[14.841s]                  from [01m[K/opt/ros/humble/include/pluginlib/pluginlib/class_list_macros.hpp:40[m[K,
[14.841s]                  from [01m[K/home/tuan/CPP/src/alogrithm/a_start.cpp:199[m[K:
[14.841s] /opt/ros/humble/include/class_loader/class_loader/meta_object.hpp: In instantiation of ‘[01m[KB* class_loader::impl::MetaObject<C, B>::create() const [with C = search_map::a_start::AStart; B = search_map::AlgorithmBase][m[K’:
[14.841s] [01m[K/opt/ros/humble/include/class_loader/class_loader/meta_object.hpp:216:7:[m[K   required from here
[14.841s] [01m[K/opt/ros/humble/include/class_loader/class_loader/meta_object.hpp:218:12:[m[K [01;31m[Kerror: [m[K‘[01m[Ksearch_map::a_start::AStart::AStart()[m[K’ is private within this context
[14.841s]   218 |     return [01;31m[Knew C[m[K;
[14.841s]       |            [01;31m[K^~~~~[m[K
[14.841s] [01m[K/home/tuan/CPP/src/alogrithm/a_start.cpp:7:5:[m[K [01;36m[Knote: [m[Kdeclared private here
[14.841s]     7 |     [01;36m[KAStart[m[K::AStart(){}
[14.841s]       |     [01;36m[K^~~~~~[m[K
[14.953s] gmake[2]: *** [CMakeFiles/search_map_package.dir/build.make:107: CMakeFiles/search_map_package.dir/src/alogrithm/a_start.cpp.o] Error 1
[14.953s] gmake[2]: Leaving directory '/home/tuan/CPP/build/search_map'
[14.954s] gmake[1]: *** [CMakeFiles/Makefile2:142: CMakeFiles/search_map_package.dir/all] Error 2
[14.954s] gmake[1]: Leaving directory '/home/tuan/CPP/build/search_map'
[14.954s] gmake: *** [Makefile:149: all] Error 2
[14.957s] Invoked command in '/home/tuan/CPP/build/search_map' returned '2': CMAKE_PREFIX_PATH=${CMAKE_PREFIX_PATH}:/opt/ros/humble /usr/bin/cmake --build /home/tuan/CPP/build/search_map -- -j8 -l8
