[0.176s] DEBUG:colcon:Command line arguments: ['/usr/bin/colcon', 'list', '-p', '--base-paths', '/home/tuan/CPP']
[0.177s] DEBUG:colcon:Parsed command line arguments: Namespace(log_base=None, log_level=None, verb_name='list', build_base='build', ignore_user_meta=False, metas=['./colcon.meta'], base_paths=['/home/tuan/CPP'], packages_ignore=None, packages_ignore_regex=None, paths=None, packages_up_to=None, packages_up_to_regex=None, packages_above=None, packages_above_and_dependencies=None, packages_above_depth=None, packages_select_by_dep=None, packages_skip_by_dep=None, packages_skip_up_to=None, packages_select_build_failed=False, packages_skip_build_finished=False, packages_select_test_failures=False, packages_skip_test_passed=False, packages_select=None, packages_skip=None, packages_select_regex=None, packages_skip_regex=None, packages_start=None, packages_end=None, allow_overriding=[], topological_order=False, names_only=False, paths_only=True, topological_graph=False, topological_graph_dot=False, topological_graph_density=False, topological_graph_legend=False, topological_graph_dot_cluster=False, topological_graph_dot_include_skipped=False, verb_parser=<colcon_defaults.argument_parser.defaults.DefaultArgumentsDecorator object at 0x7d32791e92a0>, verb_extension=<colcon_package_information.verb.list.ListVerb object at 0x7d32791e83d0>, main=<bound method ListVerb.main of <colcon_package_information.verb.list.ListVerb object at 0x7d32791e83d0>>)
[0.438s] Level 1:colcon.colcon_core.package_discovery:discover_packages(colcon_meta) check parameters
[0.438s] Level 1:colcon.colcon_core.package_discovery:discover_packages(recursive) check parameters
[0.438s] Level 1:colcon.colcon_core.package_discovery:discover_packages(ignore) check parameters
[0.438s] Level 1:colcon.colcon_core.package_discovery:discover_packages(path) check parameters
[0.438s] Level 1:colcon.colcon_core.package_discovery:discover_packages(recursive) discover
[0.438s] INFO:colcon.colcon_core.package_discovery:Crawling recursively for packages in '/home/tuan/CPP'
[0.438s] Level 1:colcon.colcon_core.package_identification:_identify(/home/tuan/CPP) by extensions ['ignore', 'ignore_ament_install']
[0.438s] Level 1:colcon.colcon_core.package_identification:_identify(/home/tuan/CPP) by extension 'ignore'
[0.439s] Level 1:colcon.colcon_core.package_identification:_identify(/home/tuan/CPP) by extension 'ignore_ament_install'
[0.439s] Level 1:colcon.colcon_core.package_identification:_identify(/home/tuan/CPP) by extensions ['colcon_pkg']
[0.439s] Level 1:colcon.colcon_core.package_identification:_identify(/home/tuan/CPP) by extension 'colcon_pkg'
[0.439s] Level 1:colcon.colcon_core.package_identification:_identify(/home/tuan/CPP) by extensions ['colcon_meta']
[0.439s] Level 1:colcon.colcon_core.package_identification:_identify(/home/tuan/CPP) by extension 'colcon_meta'
[0.439s] Level 1:colcon.colcon_core.package_identification:_identify(/home/tuan/CPP) by extensions ['ros']
[0.439s] Level 1:colcon.colcon_core.package_identification:_identify(/home/tuan/CPP) by extension 'ros'
[0.456s] Level 1:colcon.colcon_core.package_identification:_identify(/home/tuan/CPP) by extensions ['cmake', 'python']
[0.456s] Level 1:colcon.colcon_core.package_identification:_identify(/home/tuan/CPP) by extension 'cmake'
[0.457s] Level 1:colcon.colcon_core.package_identification:_identify(/home/tuan/CPP) by extension 'python'
[0.457s] Level 1:colcon.colcon_core.package_identification:_identify(/home/tuan/CPP) by extensions ['python_setup_py']
[0.457s] Level 1:colcon.colcon_core.package_identification:_identify(/home/tuan/CPP) by extension 'python_setup_py'
[0.457s] Level 1:colcon.colcon_core.package_identification:_identify(/home/tuan/CPP/build) by extensions ['ignore', 'ignore_ament_install']
[0.457s] Level 1:colcon.colcon_core.package_identification:_identify(/home/tuan/CPP/build) by extension 'ignore'
[0.457s] Level 1:colcon.colcon_core.package_identification:_identify(/home/tuan/CPP/build) ignored
[0.458s] Level 1:colcon.colcon_core.package_identification:_identify(/home/tuan/CPP/example) by extensions ['ignore', 'ignore_ament_install']
[0.458s] Level 1:colcon.colcon_core.package_identification:_identify(/home/tuan/CPP/example) by extension 'ignore'
[0.458s] Level 1:colcon.colcon_core.package_identification:_identify(/home/tuan/CPP/example) by extension 'ignore_ament_install'
[0.458s] Level 1:colcon.colcon_core.package_identification:_identify(/home/tuan/CPP/example) by extensions ['colcon_pkg']
[0.458s] Level 1:colcon.colcon_core.package_identification:_identify(/home/tuan/CPP/example) by extension 'colcon_pkg'
[0.458s] Level 1:colcon.colcon_core.package_identification:_identify(/home/tuan/CPP/example) by extensions ['colcon_meta']
[0.458s] Level 1:colcon.colcon_core.package_identification:_identify(/home/tuan/CPP/example) by extension 'colcon_meta'
[0.458s] Level 1:colcon.colcon_core.package_identification:_identify(/home/tuan/CPP/example) by extensions ['ros']
[0.458s] Level 1:colcon.colcon_core.package_identification:_identify(/home/tuan/CPP/example) by extension 'ros'
[0.459s] Level 1:colcon.colcon_core.package_identification:_identify(/home/tuan/CPP/example) by extensions ['cmake', 'python']
[0.459s] Level 1:colcon.colcon_core.package_identification:_identify(/home/tuan/CPP/example) by extension 'cmake'
[0.459s] Level 1:colcon.colcon_core.package_identification:_identify(/home/tuan/CPP/example) by extension 'python'
[0.459s] Level 1:colcon.colcon_core.package_identification:_identify(/home/tuan/CPP/example) by extensions ['python_setup_py']
[0.459s] Level 1:colcon.colcon_core.package_identification:_identify(/home/tuan/CPP/example) by extension 'python_setup_py'
[0.459s] Level 1:colcon.colcon_core.package_identification:_identify(/home/tuan/CPP/example/ros_example) by extensions ['ignore', 'ignore_ament_install']
[0.459s] Level 1:colcon.colcon_core.package_identification:_identify(/home/tuan/CPP/example/ros_example) by extension 'ignore'
[0.459s] Level 1:colcon.colcon_core.package_identification:_identify(/home/tuan/CPP/example/ros_example) by extension 'ignore_ament_install'
[0.460s] Level 1:colcon.colcon_core.package_identification:_identify(/home/tuan/CPP/example/ros_example) by extensions ['colcon_pkg']
[0.460s] Level 1:colcon.colcon_core.package_identification:_identify(/home/tuan/CPP/example/ros_example) by extension 'colcon_pkg'
[0.460s] Level 1:colcon.colcon_core.package_identification:_identify(/home/tuan/CPP/example/ros_example) by extensions ['colcon_meta']
[0.460s] Level 1:colcon.colcon_core.package_identification:_identify(/home/tuan/CPP/example/ros_example) by extension 'colcon_meta'
[0.460s] Level 1:colcon.colcon_core.package_identification:_identify(/home/tuan/CPP/example/ros_example) by extensions ['ros']
[0.460s] Level 1:colcon.colcon_core.package_identification:_identify(/home/tuan/CPP/example/ros_example) by extension 'ros'
[0.460s] Level 1:colcon.colcon_core.package_identification:_identify(/home/tuan/CPP/example/ros_example) by extensions ['cmake', 'python']
[0.460s] Level 1:colcon.colcon_core.package_identification:_identify(/home/tuan/CPP/example/ros_example) by extension 'cmake'
[0.460s] Level 1:colcon.colcon_core.package_identification:_identify(/home/tuan/CPP/example/ros_example) by extension 'python'
[0.460s] Level 1:colcon.colcon_core.package_identification:_identify(/home/tuan/CPP/example/ros_example) by extensions ['python_setup_py']
[0.461s] Level 1:colcon.colcon_core.package_identification:_identify(/home/tuan/CPP/example/ros_example) by extension 'python_setup_py'
[0.461s] Level 1:colcon.colcon_core.package_identification:_identify(/home/tuan/CPP/example/ros_example/log) by extensions ['ignore', 'ignore_ament_install']
[0.461s] Level 1:colcon.colcon_core.package_identification:_identify(/home/tuan/CPP/example/ros_example/log) by extension 'ignore'
[0.461s] Level 1:colcon.colcon_core.package_identification:_identify(/home/tuan/CPP/example/ros_example/log) ignored
[0.461s] Level 1:colcon.colcon_core.package_identification:_identify(/home/tuan/CPP/example/ros_example/src) by extensions ['ignore', 'ignore_ament_install']
[0.461s] Level 1:colcon.colcon_core.package_identification:_identify(/home/tuan/CPP/example/ros_example/src) by extension 'ignore'
[0.462s] Level 1:colcon.colcon_core.package_identification:_identify(/home/tuan/CPP/example/ros_example/src) by extension 'ignore_ament_install'
[0.462s] Level 1:colcon.colcon_core.package_identification:_identify(/home/tuan/CPP/example/ros_example/src) by extensions ['colcon_pkg']
[0.462s] Level 1:colcon.colcon_core.package_identification:_identify(/home/tuan/CPP/example/ros_example/src) by extension 'colcon_pkg'
[0.462s] Level 1:colcon.colcon_core.package_identification:_identify(/home/tuan/CPP/example/ros_example/src) by extensions ['colcon_meta']
[0.462s] Level 1:colcon.colcon_core.package_identification:_identify(/home/tuan/CPP/example/ros_example/src) by extension 'colcon_meta'
[0.462s] Level 1:colcon.colcon_core.package_identification:_identify(/home/tuan/CPP/example/ros_example/src) by extensions ['ros']
[0.462s] Level 1:colcon.colcon_core.package_identification:_identify(/home/tuan/CPP/example/ros_example/src) by extension 'ros'
[0.462s] Level 1:colcon.colcon_core.package_identification:_identify(/home/tuan/CPP/example/ros_example/src) by extensions ['cmake', 'python']
[0.462s] Level 1:colcon.colcon_core.package_identification:_identify(/home/tuan/CPP/example/ros_example/src) by extension 'cmake'
[0.463s] Level 1:colcon.colcon_core.package_identification:_identify(/home/tuan/CPP/example/ros_example/src) by extension 'python'
[0.463s] Level 1:colcon.colcon_core.package_identification:_identify(/home/tuan/CPP/example/ros_example/src) by extensions ['python_setup_py']
[0.463s] Level 1:colcon.colcon_core.package_identification:_identify(/home/tuan/CPP/example/ros_example/src) by extension 'python_setup_py'
[0.463s] Level 1:colcon.colcon_core.package_identification:_identify(/home/tuan/CPP/example/ros_example/src/search_map) by extensions ['ignore', 'ignore_ament_install']
[0.463s] Level 1:colcon.colcon_core.package_identification:_identify(/home/tuan/CPP/example/ros_example/src/search_map) by extension 'ignore'
[0.463s] Level 1:colcon.colcon_core.package_identification:_identify(/home/tuan/CPP/example/ros_example/src/search_map) by extension 'ignore_ament_install'
[0.463s] Level 1:colcon.colcon_core.package_identification:_identify(/home/tuan/CPP/example/ros_example/src/search_map) by extensions ['colcon_pkg']
[0.463s] Level 1:colcon.colcon_core.package_identification:_identify(/home/tuan/CPP/example/ros_example/src/search_map) by extension 'colcon_pkg'
[0.464s] Level 1:colcon.colcon_core.package_identification:_identify(/home/tuan/CPP/example/ros_example/src/search_map) by extensions ['colcon_meta']
[0.464s] Level 1:colcon.colcon_core.package_identification:_identify(/home/tuan/CPP/example/ros_example/src/search_map) by extension 'colcon_meta'
[0.464s] Level 1:colcon.colcon_core.package_identification:_identify(/home/tuan/CPP/example/ros_example/src/search_map) by extensions ['ros']
[0.464s] Level 1:colcon.colcon_core.package_identification:_identify(/home/tuan/CPP/example/ros_example/src/search_map) by extension 'ros'
[0.469s] DEBUG:colcon.colcon_core.package_identification:Package '/home/tuan/CPP/example/ros_example/src/search_map' with type 'ros.ament_cmake' and name 'search_map'
[0.469s] Level 1:colcon.colcon_core.package_identification:_identify(/home/tuan/CPP/install) by extensions ['ignore', 'ignore_ament_install']
[0.469s] Level 1:colcon.colcon_core.package_identification:_identify(/home/tuan/CPP/install) by extension 'ignore'
[0.469s] Level 1:colcon.colcon_core.package_identification:_identify(/home/tuan/CPP/install) ignored
[0.470s] Level 1:colcon.colcon_core.package_identification:_identify(/home/tuan/CPP/log) by extensions ['ignore', 'ignore_ament_install']
[0.470s] Level 1:colcon.colcon_core.package_identification:_identify(/home/tuan/CPP/log) by extension 'ignore'
[0.470s] Level 1:colcon.colcon_core.package_identification:_identify(/home/tuan/CPP/log) ignored
[0.470s] Level 1:colcon.colcon_core.package_identification:_identify(/home/tuan/CPP/src) by extensions ['ignore', 'ignore_ament_install']
[0.470s] Level 1:colcon.colcon_core.package_identification:_identify(/home/tuan/CPP/src) by extension 'ignore'
[0.470s] Level 1:colcon.colcon_core.package_identification:_identify(/home/tuan/CPP/src) by extension 'ignore_ament_install'
[0.471s] Level 1:colcon.colcon_core.package_identification:_identify(/home/tuan/CPP/src) by extensions ['colcon_pkg']
[0.471s] Level 1:colcon.colcon_core.package_identification:_identify(/home/tuan/CPP/src) by extension 'colcon_pkg'
[0.471s] Level 1:colcon.colcon_core.package_identification:_identify(/home/tuan/CPP/src) by extensions ['colcon_meta']
[0.471s] Level 1:colcon.colcon_core.package_identification:_identify(/home/tuan/CPP/src) by extension 'colcon_meta'
[0.471s] Level 1:colcon.colcon_core.package_identification:_identify(/home/tuan/CPP/src) by extensions ['ros']
[0.471s] Level 1:colcon.colcon_core.package_identification:_identify(/home/tuan/CPP/src) by extension 'ros'
[0.471s] Level 1:colcon.colcon_core.package_identification:_identify(/home/tuan/CPP/src) by extensions ['cmake', 'python']
[0.471s] Level 1:colcon.colcon_core.package_identification:_identify(/home/tuan/CPP/src) by extension 'cmake'
[0.474s] Level 1:colcon.colcon_core.package_identification:_identify(/home/tuan/CPP/src) by extension 'python'
[0.474s] DEBUG:colcon.colcon_core.package_identification:Package '/home/tuan/CPP/src' with type 'cmake' and name 'SORT'
[0.474s] Level 1:colcon.colcon_core.package_discovery:discover_packages(recursive) using defaults
