[0.014s] Invoking command in '/home/tuan/CPP/build/search_map': CMAKE_PREFIX_PATH=${CMAKE_PREFIX_PATH}:/opt/ros/humble /usr/bin/cmake --build /home/tuan/CPP/build/search_map -- -j8 -l8
[0.024s] /usr/bin/cmake -S/home/tuan/CPP -B/home/tuan/CPP/build/search_map --check-build-system CMakeFiles/Makefile.cmake 0
[0.043s] /usr/bin/cmake -E cmake_progress_start /home/tuan/CPP/build/search_map/CMakeFiles /home/tuan/CPP/build/search_map//CMakeFiles/progress.marks
[0.054s] /usr/bin/gmake  -f CMakeFiles/Makefile2 all
[0.055s] gmake[1]: Entering directory '/home/tuan/CPP/build/search_map'
[0.055s] /usr/bin/gmake  -f CMakeFiles/search_map_package.dir/build.make CMakeFiles/search_map_package.dir/depend
[0.063s] gmake[2]: Entering directory '/home/tuan/CPP/build/search_map'
[0.064s] cd /home/tuan/CPP/build/search_map && /usr/bin/cmake -E cmake_depends "Unix Makefiles" /home/tuan/CPP /home/tuan/CPP /home/tuan/CPP/build/search_map /home/tuan/CPP/build/search_map /home/tuan/CPP/build/search_map/CMakeFiles/search_map_package.dir/DependInfo.cmake --color=
[0.076s] gmake[2]: Leaving directory '/home/tuan/CPP/build/search_map'
[0.077s] /usr/bin/gmake  -f CMakeFiles/search_map_package.dir/build.make CMakeFiles/search_map_package.dir/build
[0.087s] gmake[2]: Entering directory '/home/tuan/CPP/build/search_map'
[0.097s] [ 14%] [32mBuilding CXX object CMakeFiles/search_map_package.dir/src/alogrithm/rrt_start.cpp.o[0m
[0.098s] /usr/bin/c++ -DDEFAULT_RMW_IMPLEMENTATION=rmw_fastrtps_cpp -DGFLAGS_IS_A_DLL=0 -DGOOGLE_GLOG_DLL_DECL="" -DGOOGLE_GLOG_DLL_DECL_FOR_UNITTESTS="" -DPLUGINLIB__DISABLE_BOOST_FUNCTIONS -DRCUTILS_ENABLE_FAULT_INJECTION -Dsearch_map_package_EXPORTS -I/home/tuan/CPP/include -I/opt/ros/humble/include -I/opt/ros/humble/include/tf2_geometry_msgs -I/opt/ros/humble/include/rclcpp_lifecycle -I/opt/ros/humble/include/rclcpp_components -isystem /opt/ros/humble/include/sensor_msgs -isystem /opt/ros/humble/include/geometry_msgs -isystem /opt/ros/humble/include/nav_msgs -isystem /opt/ros/humble/include/rclcpp -isystem /opt/ros/humble/include/pluginlib -isystem /opt/ros/humble/include/visualization_msgs -isystem /opt/ros/humble/include/nav2_msgs -isystem /opt/ros/humble/include/tf2_ros -isystem /opt/ros/humble/include/tf2 -isystem /opt/ros/humble/include/lifecycle_msgs -isystem /opt/ros/humble/include/rclcpp_action -isystem /opt/ros/humble/include/bond -isystem /opt/ros/humble/include/action_msgs -isystem /opt/ros/humble/include/rcl_interfaces -isystem /opt/ros/humble/include/std_msgs -isystem /opt/ros/humble/include/builtin_interfaces -isystem /opt/ros/humble/include/rosidl_runtime_c -isystem /opt/ros/humble/include/rcutils -isystem /opt/ros/humble/include/rosidl_typesupport_interface -isystem /opt/ros/humble/include/fastcdr -isystem /opt/ros/humble/include/rosidl_runtime_cpp -isystem /opt/ros/humble/include/rosidl_typesupport_fastrtps_cpp -isystem /opt/ros/humble/include/rmw -isystem /opt/ros/humble/include/rosidl_typesupport_fastrtps_c -isystem /opt/ros/humble/include/rosidl_typesupport_introspection_c -isystem /opt/ros/humble/include/rosidl_typesupport_introspection_cpp -isystem /opt/ros/humble/include/ament_index_cpp -isystem /opt/ros/humble/include/libstatistics_collector -isystem /opt/ros/humble/include/rcl -isystem /opt/ros/humble/include/rcl_logging_interface -isystem /opt/ros/humble/include/rcl_yaml_param_parser -isystem /opt/ros/humble/include/libyaml_vendor -isystem /opt/ros/humble/include/tracetools -isystem /opt/ros/humble/include/rcpputils -isystem /opt/ros/humble/include/statistics_msgs -isystem /opt/ros/humble/include/rosgraph_msgs -isystem /opt/ros/humble/include/rosidl_typesupport_cpp -isystem /opt/ros/humble/include/rosidl_typesupport_c -isystem /opt/ros/humble/include/class_loader -isystem /opt/ros/humble/include/composition_interfaces -isystem /opt/ros/humble/include/unique_identifier_msgs -isystem /opt/ros/humble/include/message_filters -isystem /opt/ros/humble/include/rcl_action -isystem /opt/ros/humble/include/tf2_msgs -isystem /usr/include/eigen3 -isystem /opt/ros/humble/include/rcl_lifecycle -fPIC -Wall -Wextra -Wpedantic -MD -MT CMakeFiles/search_map_package.dir/src/alogrithm/rrt_start.cpp.o -MF CMakeFiles/search_map_package.dir/src/alogrithm/rrt_start.cpp.o.d -o CMakeFiles/search_map_package.dir/src/alogrithm/rrt_start.cpp.o -c /home/tuan/CPP/src/alogrithm/rrt_start.cpp
[3.837s] In file included from [01m[K/opt/ros/humble/include/class_loader/class_loader/class_loader.hpp:56[m[K,
[3.838s]                  from [01m[K/opt/ros/humble/include/pluginlib/pluginlib/class_list_macros.hpp:40[m[K,
[3.838s]                  from [01m[K/home/tuan/CPP/src/alogrithm/rrt_start.cpp:285[m[K:
[3.838s] [01m[K/home/tuan/CPP/src/alogrithm/rrt_start.cpp:286:36:[m[K [01;31m[Kerror: [m[K‘[01m[Krrt_start[m[K’ in namespace ‘[01m[Ksearch_map[m[K’ does not name a type
[3.838s]   286 | PLUGINLIB_EXPORT_CLASS(search_map::[01;31m[Krrt_start[m[K::RRTStart,
[3.838s]       |                                    [01;31m[K^~~~~~~~~[m[K
[3.857s] [01m[K/home/tuan/CPP/src/alogrithm/rrt_start.cpp:[m[K In constructor ‘[01m[K{anonymous}::ProxyExec0::ProxyExec0()[m[K’:
[3.857s] [01m[K/home/tuan/CPP/src/alogrithm/rrt_start.cpp:286:1:[m[K [01;31m[Kerror: [m[K‘[01m[K_derived[m[K’ was not declared in this scope
[3.857s]   286 | [01;31m[KPLUGINLIB_EXPORT_CLASS[m[K(search_map::rrt_start::RRTStart,
[3.858s]       | [01;31m[K^~~~~~~~~~~~~~~~~~~~~~[m[K
[3.858s] [01m[K/home/tuan/CPP/src/alogrithm/rrt_start.cpp:286:1:[m[K [01;31m[Kerror: [m[Kno matching function for call to ‘[01m[KregisterPlugin<<expression error>, {anonymous}::ProxyExec0::_base>(const char [32], const char [26])[m[K’
[3.858s]   286 | [01;31m[KPLUGINLIB_EXPORT_CLASS[m[K(search_map::rrt_start::RRTStart,
[3.858s]       | [01;31m[K^~~~~~~~~~~~~~~~~~~~~~[m[K
[3.858s] In file included from [01m[K/opt/ros/humble/include/class_loader/class_loader/class_loader.hpp:55[m[K,
[3.858s]                  from [01m[K/opt/ros/humble/include/pluginlib/pluginlib/class_list_macros.hpp:40[m[K,
[3.858s]                  from [01m[K/home/tuan/CPP/src/alogrithm/rrt_start.cpp:285[m[K:
[3.858s] [01m[K/opt/ros/humble/include/class_loader/class_loader/class_loader_core.hpp:210:6:[m[K [01;36m[Knote: [m[Kcandidate: ‘[01m[Ktemplate<class Derived, class Base> void class_loader::impl::registerPlugin(const string&, const string&)[m[K’
[3.858s]   210 | void [01;36m[KregisterPlugin[m[K(const std::string & class_name, const std::string & base_class_name)
[3.859s]       |      [01;36m[K^~~~~~~~~~~~~~[m[K
[3.859s] [01m[K/opt/ros/humble/include/class_loader/class_loader/class_loader_core.hpp:210:6:[m[K [01;36m[Knote: [m[K  template argument deduction/substitution failed:
[3.859s] In file included from [01m[K/opt/ros/humble/include/class_loader/class_loader/class_loader.hpp:56[m[K,
[3.859s]                  from [01m[K/opt/ros/humble/include/pluginlib/pluginlib/class_list_macros.hpp:40[m[K,
[3.859s]                  from [01m[K/home/tuan/CPP/src/alogrithm/rrt_start.cpp:285[m[K:
[3.859s] [01m[K/home/tuan/CPP/src/alogrithm/rrt_start.cpp:286:1:[m[K [01;31m[Kerror: [m[Ktemplate argument 1 is invalid
[3.859s]   286 | [01;31m[KPLUGINLIB_EXPORT_CLASS[m[K(search_map::rrt_start::RRTStart,
[3.859s]       | [01;31m[K^~~~~~~~~~~~~~~~~~~~~~[m[K
[5.140s] gmake[2]: *** [CMakeFiles/search_map_package.dir/build.make:121: CMakeFiles/search_map_package.dir/src/alogrithm/rrt_start.cpp.o] Error 1
[5.141s] gmake[2]: Leaving directory '/home/tuan/CPP/build/search_map'
[5.141s] gmake[1]: Leaving directory '/home/tuan/CPP/build/search_map'
[5.141s] gmake[1]: *** [CMakeFiles/Makefile2:142: CMakeFiles/search_map_package.dir/all] Error 2
[5.141s] gmake: *** [Makefile:149: all] Error 2
[5.144s] Invoked command in '/home/tuan/CPP/build/search_map' returned '2': CMAKE_PREFIX_PATH=${CMAKE_PREFIX_PATH}:/opt/ros/humble /usr/bin/cmake --build /home/tuan/CPP/build/search_map -- -j8 -l8
