[0.013s] Invoking command in '/home/tuan/CPP/build/search_map': CMAKE_PREFIX_PATH=/opt/ros/humble /usr/bin/cmake --build /home/tuan/CPP/build/search_map -- -j8 -l8
[0.023s] /usr/bin/cmake -S/home/tuan/CPP -B/home/tuan/CPP/build/search_map --check-build-system CMakeFiles/Makefile.cmake 0
[0.043s] -- Found ament_cmake: 1.3.8 (/opt/ros/humble/share/ament_cmake/cmake)
[0.198s] -- Override CMake install command with custom implementation using symlinks instead of copying resources
[0.209s] -- Found sensor_msgs: 4.2.3 (/opt/ros/humble/share/sensor_msgs/cmake)
[0.245s] -- Found rosidl_generator_c: 3.1.5 (/opt/ros/humble/share/rosidl_generator_c/cmake)
[0.250s] -- Found rosidl_adapter: 3.1.5 (/opt/ros/humble/share/rosidl_adapter/cmake)
[0.262s] -- Found rosidl_generator_cpp: 3.1.5 (/opt/ros/humble/share/rosidl_generator_cpp/cmake)
[0.283s] -- Using all available rosidl_typesupport_c: rosidl_typesupport_fastrtps_c;rosidl_typesupport_introspection_c
[0.317s] -- Using all available rosidl_typesupport_cpp: rosidl_typesupport_fastrtps_cpp;rosidl_typesupport_introspection_cpp
[0.617s] -- Found nav_msgs: 4.2.3 (/opt/ros/humble/share/nav_msgs/cmake)
[0.737s] -- Found rclcpp: 16.0.8 (/opt/ros/humble/share/rclcpp/cmake)
[0.801s] -- Found rmw_implementation_cmake: 6.1.1 (/opt/ros/humble/share/rmw_implementation_cmake/cmake)
[0.803s] -- Found rmw_fastrtps_cpp: 6.2.6 (/opt/ros/humble/share/rmw_fastrtps_cpp/cmake)
[0.954s] -- Using RMW implementation 'rmw_fastrtps_cpp' as default
[1.132s] -- Found pluginlib: 5.1.0 (/opt/ros/humble/share/pluginlib/cmake)
[1.155s] -- Found nav2_util: 1.1.13 (/opt/ros/humble/share/nav2_util/cmake)
[1.836s] -- Found eigen3_cmake_module: 0.1.1 (/opt/ros/humble/share/eigen3_cmake_module/cmake)
[1.837s] -- Ensuring Eigen3 include directory is part of orocos-kdl CMake target
[2.091s] -- Found nav2_map_server: 1.1.13 (/opt/ros/humble/share/nav2_map_server/cmake)
[10.940s] -- Found ament_lint_auto: 0.12.10 (/opt/ros/humble/share/ament_lint_auto/cmake)
[11.028s] [31mCMake Error at /opt/ros/humble/share/ament_cmake_core/cmake/core/ament_package_xml.cmake:53 (message):
[11.028s]   ament_package_xml() package name 'search_map' in '/package.xml' does not
[11.028s]   match current PROJECT_NAME 'dijkstra'.  You must call project() with the
[11.028s]   same package name before.
[11.028s] Call Stack (most recent call first):
[11.029s]   /opt/ros/humble/share/ament_lint_auto/cmake/ament_lint_auto_find_test_dependencies.cmake:31 (ament_package_xml)
[11.029s]   CMakeLists.txt:89 (ament_lint_auto_find_test_dependencies)
[11.029s] 
[11.029s] [0m
[11.029s] -- Configuring incomplete, errors occurred!
[11.029s] See also "/home/tuan/CPP/build/search_map/CMakeFiles/CMakeOutput.log".
[11.039s] gmake: *** [Makefile:338: cmake_check_build_system] Error 1
[11.042s] Invoked command in '/home/tuan/CPP/build/search_map' returned '2': CMAKE_PREFIX_PATH=/opt/ros/humble /usr/bin/cmake --build /home/tuan/CPP/build/search_map -- -j8 -l8
