[0.016s] Invoking command in '/home/tuan/CPP/build/search_map': CMAKE_PREFIX_PATH=/opt/ros/humble /usr/bin/cmake --build /home/tuan/CPP/build/search_map -- -j8 -l8
[0.033s] /usr/bin/cmake -S/home/tuan/CPP -B/home/tuan/CPP/build/search_map --check-build-system CMakeFiles/Makefile.cmake 0
[0.065s] -- Found ament_cmake: 1.3.8 (/opt/ros/humble/share/ament_cmake/cmake)
[0.251s] -- Override CMake install command with custom implementation using symlinks instead of copying resources
[0.263s] -- Found sensor_msgs: 4.2.3 (/opt/ros/humble/share/sensor_msgs/cmake)
[0.300s] -- Found rosidl_generator_c: 3.1.5 (/opt/ros/humble/share/rosidl_generator_c/cmake)
[0.304s] -- Found rosidl_adapter: 3.1.5 (/opt/ros/humble/share/rosidl_adapter/cmake)
[0.316s] -- Found rosidl_generator_cpp: 3.1.5 (/opt/ros/humble/share/rosidl_generator_cpp/cmake)
[0.334s] -- Using all available rosidl_typesupport_c: rosidl_typesupport_fastrtps_c;rosidl_typesupport_introspection_c
[0.357s] -- Using all available rosidl_typesupport_cpp: rosidl_typesupport_fastrtps_cpp;rosidl_typesupport_introspection_cpp
[0.680s] -- Found nav_msgs: 4.2.3 (/opt/ros/humble/share/nav_msgs/cmake)
[0.815s] -- Found rclcpp: 16.0.8 (/opt/ros/humble/share/rclcpp/cmake)
[0.882s] -- Found rmw_implementation_cmake: 6.1.1 (/opt/ros/humble/share/rmw_implementation_cmake/cmake)
[0.883s] -- Found rmw_fastrtps_cpp: 6.2.6 (/opt/ros/humble/share/rmw_fastrtps_cpp/cmake)
[1.054s] -- Using RMW implementation 'rmw_fastrtps_cpp' as default
[1.239s] -- Found pluginlib: 5.1.0 (/opt/ros/humble/share/pluginlib/cmake)
[1.266s] -- Found nav2_util: 1.1.13 (/opt/ros/humble/share/nav2_util/cmake)
[2.037s] -- Found eigen3_cmake_module: 0.1.1 (/opt/ros/humble/share/eigen3_cmake_module/cmake)
[2.039s] -- Ensuring Eigen3 include directory is part of orocos-kdl CMake target
[2.340s] -- Found nav2_map_server: 1.1.13 (/opt/ros/humble/share/nav2_map_server/cmake)
[4.028s] -- Found visualization_msgs: 4.2.3 (/opt/ros/humble/share/visualization_msgs/cmake)
[13.707s] -- Found ament_lint_auto: 0.12.10 (/opt/ros/humble/share/ament_lint_auto/cmake)
[13.890s] -- Added test 'cppcheck' to perform static code analysis on C / C++ code
[13.891s] -- Configured cppcheck include dirs: /home/tuan/CPP/include
[13.891s] -- Configured cppcheck exclude dirs and/or files: 
[13.901s] -- Added test 'flake8' to check Python code syntax and style conventions
[13.917s] -- Added test 'lint_cmake' to check CMake code style
[13.926s] -- Added test 'pep257' to check Python code against some of the docstring style conventions in PEP 257
[13.993s] -- Added test 'uncrustify' to check C / C++ code style
[13.993s] -- Configured uncrustify additional arguments: 
[14.002s] -- Added test 'xmllint' to check XML markup files
[14.004s] -- Configuring done
[14.010s] [31mCMake Error at CMakeLists.txt:32 (add_library):
[14.011s]   Cannot find source file:
[14.011s] 
[14.011s]     src/algorithm/rrt_start.cpp
[14.011s] 
[14.011s]   Tried extensions .c .C .c++ .cc .cpp .cxx .cu .mpp .m .M .mm .ixx .cppm .h
[14.011s]   .hh .h++ .hm .hpp .hxx .in .txx .f .F .for .f77 .f90 .f95 .f03 .hip .ispc
[14.011s] 
[14.012s] [0m
[14.017s] [31mCMake Error at CMakeLists.txt:32 (add_library):
[14.018s]   No SOURCES given to target: search_map_package
[14.018s] 
[14.018s] [0m
[14.018s] [0mCMake Generate step failed.  Build files cannot be regenerated correctly.[0m
[14.030s] gmake: *** [Makefile:338: cmake_check_build_system] Error 1
[14.033s] Invoked command in '/home/tuan/CPP/build/search_map' returned '2': CMAKE_PREFIX_PATH=/opt/ros/humble /usr/bin/cmake --build /home/tuan/CPP/build/search_map -- -j8 -l8
