[0.017s] Invoking command in '/home/tuan/CPP/build/search_map': CMAKE_PREFIX_PATH=/opt/ros/humble /usr/bin/cmake --build /home/tuan/CPP/build/search_map -- -j8 -l8
[0.031s] /usr/bin/cmake -S/home/tuan/CPP -B/home/tuan/CPP/build/search_map --check-build-system CMakeFiles/Makefile.cmake 0
[0.059s] -- Found ament_cmake: 1.3.8 (/opt/ros/humble/share/ament_cmake/cmake)
[0.251s] -- Override CMake install command with custom implementation using symlinks instead of copying resources
[0.262s] -- Found sensor_msgs: 4.2.3 (/opt/ros/humble/share/sensor_msgs/cmake)
[0.300s] -- Found rosidl_generator_c: 3.1.5 (/opt/ros/humble/share/rosidl_generator_c/cmake)
[0.304s] -- Found rosidl_adapter: 3.1.5 (/opt/ros/humble/share/rosidl_adapter/cmake)
[0.314s] -- Found rosidl_generator_cpp: 3.1.5 (/opt/ros/humble/share/rosidl_generator_cpp/cmake)
[0.335s] -- Using all available rosidl_typesupport_c: rosidl_typesupport_fastrtps_c;rosidl_typesupport_introspection_c
[0.361s] -- Using all available rosidl_typesupport_cpp: rosidl_typesupport_fastrtps_cpp;rosidl_typesupport_introspection_cpp
[0.711s] -- Found nav_msgs: 4.2.3 (/opt/ros/humble/share/nav_msgs/cmake)
[0.853s] -- Found rclcpp: 16.0.8 (/opt/ros/humble/share/rclcpp/cmake)
[0.933s] -- Found rmw_implementation_cmake: 6.1.1 (/opt/ros/humble/share/rmw_implementation_cmake/cmake)
[0.935s] -- Found rmw_fastrtps_cpp: 6.2.6 (/opt/ros/humble/share/rmw_fastrtps_cpp/cmake)
[1.132s] -- Using RMW implementation 'rmw_fastrtps_cpp' as default
[1.350s] -- Found pluginlib: 5.1.0 (/opt/ros/humble/share/pluginlib/cmake)
[1.375s] -- Found nav2_util: 1.1.13 (/opt/ros/humble/share/nav2_util/cmake)
[2.230s] -- Found eigen3_cmake_module: 0.1.1 (/opt/ros/humble/share/eigen3_cmake_module/cmake)
[2.233s] -- Ensuring Eigen3 include directory is part of orocos-kdl CMake target
[2.585s] -- Found nav2_map_server: 1.1.13 (/opt/ros/humble/share/nav2_map_server/cmake)
[13.967s] -- Found ament_lint_auto: 0.12.10 (/opt/ros/humble/share/ament_lint_auto/cmake)
[14.138s] -- Added test 'cppcheck' to perform static code analysis on C / C++ code
[14.138s] -- Configured cppcheck include dirs: /home/tuan/CPP/include
[14.138s] -- Configured cppcheck exclude dirs and/or files: 
[14.143s] -- Added test 'flake8' to check Python code syntax and style conventions
[14.153s] -- Added test 'lint_cmake' to check CMake code style
[14.159s] -- Added test 'pep257' to check Python code against some of the docstring style conventions in PEP 257
[14.195s] -- Added test 'uncrustify' to check C / C++ code style
[14.195s] -- Configured uncrustify additional arguments: 
[14.200s] -- Added test 'xmllint' to check XML markup files
[14.203s] -- Configuring done
[14.209s] [31mCMake Error at CMakeLists.txt:31 (add_library):
[14.209s]   Cannot find source file:
[14.209s] 
[14.209s]     src/src/data_interface.cpp
[14.209s] 
[14.209s]   Tried extensions .c .C .c++ .cc .cpp .cxx .cu .mpp .m .M .mm .ixx .cppm .h
[14.210s]   .hh .h++ .hm .hpp .hxx .in .txx .f .F .for .f77 .f90 .f95 .f03 .hip .ispc
[14.210s] 
[14.210s] [0m
[14.212s] [31mCMake Error at CMakeLists.txt:50 (add_executable):
[14.212s]   Cannot find source file:
[14.212s] 
[14.212s]     src/src/Main.cpp
[14.212s] 
[14.212s]   Tried extensions .c .C .c++ .cc .cpp .cxx .cu .mpp .m .M .mm .ixx .cppm .h
[14.213s]   .hh .h++ .hm .hpp .hxx .in .txx .f .F .for .f77 .f90 .f95 .f03 .hip .ispc
[14.213s] 
[14.213s] [0m
[14.216s] [31mCMake Error at CMakeLists.txt:31 (add_library):
[14.216s]   No SOURCES given to target: search_map_package
[14.216s] 
[14.216s] [0m
[14.216s] [31mCMake Error at CMakeLists.txt:50 (add_executable):
[14.216s]   No SOURCES given to target: search_map
[14.217s] 
[14.217s] [0m
[14.217s] [0mCMake Generate step failed.  Build files cannot be regenerated correctly.[0m
[14.227s] gmake: *** [Makefile:338: cmake_check_build_system] Error 1
[14.230s] Invoked command in '/home/tuan/CPP/build/search_map' returned '2': CMAKE_PREFIX_PATH=/opt/ros/humble /usr/bin/cmake --build /home/tuan/CPP/build/search_map -- -j8 -l8
