[0.155s] DEBUG:colcon:Command line arguments: ['/usr/bin/colcon', 'build', '--symlink-install']
[0.155s] DEBUG:colcon:Parsed command line arguments: Namespace(log_base=None, log_level=None, verb_name='build', build_base='build', install_base='install', merge_install=False, symlink_install=True, test_result_base=None, continue_on_error=False, executor='parallel', parallel_workers=8, event_handlers=None, ignore_user_meta=False, metas=['./colcon.meta'], base_paths=['.'], packages_ignore=None, packages_ignore_regex=None, paths=None, packages_up_to=None, packages_up_to_regex=None, packages_above=None, packages_above_and_dependencies=None, packages_above_depth=None, packages_select_by_dep=None, packages_skip_by_dep=None, packages_skip_up_to=None, packages_select_build_failed=False, packages_skip_build_finished=False, packages_select_test_failures=False, packages_skip_test_passed=False, packages_select=None, packages_skip=None, packages_select_regex=None, packages_skip_regex=None, packages_start=None, packages_end=None, allow_overriding=[], cmake_args=None, cmake_target=None, cmake_target_skip_unavailable=False, cmake_clean_cache=False, cmake_clean_first=False, cmake_force_configure=False, ament_cmake_args=None, catkin_cmake_args=None, catkin_skip_building_tests=False, verb_parser=<colcon_defaults.argument_parser.defaults.DefaultArgumentsDecorator object at 0x76bee18d0d30>, verb_extension=<colcon_core.verb.build.BuildVerb object at 0x76bee18d0820>, main=<bound method BuildVerb.main of <colcon_core.verb.build.BuildVerb object at 0x76bee18d0820>>)
[0.411s] Level 1:colcon.colcon_core.package_discovery:discover_packages(colcon_meta) check parameters
[0.411s] Level 1:colcon.colcon_core.package_discovery:discover_packages(recursive) check parameters
[0.411s] Level 1:colcon.colcon_core.package_discovery:discover_packages(ignore) check parameters
[0.411s] Level 1:colcon.colcon_core.package_discovery:discover_packages(path) check parameters
[0.411s] Level 1:colcon.colcon_core.package_discovery:discover_packages(colcon_meta) discover
[0.411s] Level 1:colcon.colcon_core.package_discovery:discover_packages(recursive) discover
[0.411s] INFO:colcon.colcon_core.package_discovery:Crawling recursively for packages in '/home/tuan/CPP'
[0.412s] Level 1:colcon.colcon_core.package_identification:_identify(.) by extensions ['ignore', 'ignore_ament_install']
[0.412s] Level 1:colcon.colcon_core.package_identification:_identify(.) by extension 'ignore'
[0.412s] Level 1:colcon.colcon_core.package_identification:_identify(.) by extension 'ignore_ament_install'
[0.412s] Level 1:colcon.colcon_core.package_identification:_identify(.) by extensions ['colcon_pkg']
[0.412s] Level 1:colcon.colcon_core.package_identification:_identify(.) by extension 'colcon_pkg'
[0.412s] Level 1:colcon.colcon_core.package_identification:_identify(.) by extensions ['colcon_meta']
[0.412s] Level 1:colcon.colcon_core.package_identification:_identify(.) by extension 'colcon_meta'
[0.412s] Level 1:colcon.colcon_core.package_identification:_identify(.) by extensions ['ros']
[0.412s] Level 1:colcon.colcon_core.package_identification:_identify(.) by extension 'ros'
[0.437s] DEBUG:colcon.colcon_core.package_identification:Package '.' with type 'ros.ament_cmake' and name 'search_map'
[0.437s] Level 1:colcon.colcon_core.package_discovery:discover_packages(recursive) using defaults
[0.437s] Level 1:colcon.colcon_core.package_discovery:discover_packages(ignore) discover
[0.437s] Level 1:colcon.colcon_core.package_discovery:discover_packages(ignore) using defaults
[0.437s] Level 1:colcon.colcon_core.package_discovery:discover_packages(path) discover
[0.437s] Level 1:colcon.colcon_core.package_discovery:discover_packages(path) using defaults
[0.470s] Level 1:colcon.colcon_core.package_discovery:discover_packages(prefix_path) check parameters
[0.470s] Level 1:colcon.colcon_core.package_discovery:discover_packages(prefix_path) discover
[0.475s] DEBUG:colcon.colcon_installed_package_information.package_discovery:Found 330 installed packages in /opt/ros/humble
[0.502s] Level 1:colcon.colcon_core.package_discovery:discover_packages(prefix_path) using defaults
[0.607s] Level 5:colcon.colcon_core.verb:set package 'search_map' build argument 'cmake_args' from command line to 'None'
[0.607s] Level 5:colcon.colcon_core.verb:set package 'search_map' build argument 'cmake_target' from command line to 'None'
[0.607s] Level 5:colcon.colcon_core.verb:set package 'search_map' build argument 'cmake_target_skip_unavailable' from command line to 'False'
[0.607s] Level 5:colcon.colcon_core.verb:set package 'search_map' build argument 'cmake_clean_cache' from command line to 'False'
[0.607s] Level 5:colcon.colcon_core.verb:set package 'search_map' build argument 'cmake_clean_first' from command line to 'False'
[0.607s] Level 5:colcon.colcon_core.verb:set package 'search_map' build argument 'cmake_force_configure' from command line to 'False'
[0.607s] Level 5:colcon.colcon_core.verb:set package 'search_map' build argument 'ament_cmake_args' from command line to 'None'
[0.607s] Level 5:colcon.colcon_core.verb:set package 'search_map' build argument 'catkin_cmake_args' from command line to 'None'
[0.607s] Level 5:colcon.colcon_core.verb:set package 'search_map' build argument 'catkin_skip_building_tests' from command line to 'False'
[0.608s] DEBUG:colcon.colcon_core.verb:Building package 'search_map' with the following arguments: {'ament_cmake_args': None, 'build_base': '/home/tuan/CPP/build/search_map', 'catkin_cmake_args': None, 'catkin_skip_building_tests': False, 'cmake_args': None, 'cmake_clean_cache': False, 'cmake_clean_first': False, 'cmake_force_configure': False, 'cmake_target': None, 'cmake_target_skip_unavailable': False, 'install_base': '/home/tuan/CPP/install/search_map', 'merge_install': False, 'path': '/home/tuan/CPP', 'symlink_install': True, 'test_result_base': None}
[0.608s] INFO:colcon.colcon_core.executor:Executing jobs using 'parallel' executor
[0.609s] DEBUG:colcon.colcon_parallel_executor.executor.parallel:run_until_complete
[0.610s] INFO:colcon.colcon_ros.task.ament_cmake.build:Building ROS package in '/home/tuan/CPP' with build type 'ament_cmake'
[0.610s] INFO:colcon.colcon_cmake.task.cmake.build:Building CMake package in '/home/tuan/CPP'
[0.614s] INFO:colcon.colcon_core.plugin_system:Skipping extension 'colcon_core.shell.bat': Not used on non-Windows systems
[0.614s] INFO:colcon.colcon_core.shell:Skip shell extension 'powershell' for command environment: Not usable outside of PowerShell
[0.614s] DEBUG:colcon.colcon_core.shell:Skip shell extension 'dsv' for command environment
[0.633s] DEBUG:colcon.colcon_core.event_handler.log_command:Invoking command in '/home/tuan/CPP/build/search_map': CMAKE_PREFIX_PATH=/opt/ros/humble /usr/bin/cmake --build /home/tuan/CPP/build/search_map -- -j8 -l8
[12.759s] DEBUG:colcon.colcon_core.event_handler.log_command:Invoked command in '/home/tuan/CPP/build/search_map' returned '0': CMAKE_PREFIX_PATH=/opt/ros/humble /usr/bin/cmake --build /home/tuan/CPP/build/search_map -- -j8 -l8
[12.832s] DEBUG:colcon.colcon_core.event_handler.log_command:Invoking command in '/home/tuan/CPP/build/search_map': CMAKE_PREFIX_PATH=/opt/ros/humble /usr/bin/cmake --install /home/tuan/CPP/build/search_map
[12.873s] Level 1:colcon.colcon_core.environment:create_environment_scripts_only(search_map)
[12.874s] DEBUG:colcon.colcon_core.event_handler.log_command:Invoked command in '/home/tuan/CPP/build/search_map' returned '0': CMAKE_PREFIX_PATH=/opt/ros/humble /usr/bin/cmake --install /home/tuan/CPP/build/search_map
[12.880s] Level 1:colcon.colcon_core.environment:checking '/home/tuan/CPP/install/search_map' for CMake module files
[12.881s] Level 1:colcon.colcon_core.environment:checking '/home/tuan/CPP/install/search_map' for CMake config files
[12.882s] Level 1:colcon.colcon_core.shell:create_environment_hook('search_map', 'cmake_prefix_path')
[12.882s] INFO:colcon.colcon_core.shell:Creating environment hook '/home/tuan/CPP/install/search_map/share/search_map/hook/cmake_prefix_path.ps1'
[12.883s] INFO:colcon.colcon_core.shell:Creating environment descriptor '/home/tuan/CPP/install/search_map/share/search_map/hook/cmake_prefix_path.dsv'
[12.884s] INFO:colcon.colcon_core.shell:Creating environment hook '/home/tuan/CPP/install/search_map/share/search_map/hook/cmake_prefix_path.sh'
[12.886s] Level 1:colcon.colcon_core.environment:checking '/home/tuan/CPP/install/search_map/lib'
[12.886s] Level 1:colcon.colcon_core.shell:create_environment_hook('search_map', 'ld_library_path_lib')
[12.887s] INFO:colcon.colcon_core.shell:Creating environment hook '/home/tuan/CPP/install/search_map/share/search_map/hook/ld_library_path_lib.ps1'
[12.887s] INFO:colcon.colcon_core.shell:Creating environment descriptor '/home/tuan/CPP/install/search_map/share/search_map/hook/ld_library_path_lib.dsv'
[12.888s] INFO:colcon.colcon_core.shell:Creating environment hook '/home/tuan/CPP/install/search_map/share/search_map/hook/ld_library_path_lib.sh'
[12.889s] Level 1:colcon.colcon_core.environment:checking '/home/tuan/CPP/install/search_map/bin'
[12.889s] Level 1:colcon.colcon_core.environment:checking '/home/tuan/CPP/install/search_map/lib/pkgconfig/search_map.pc'
[12.890s] Level 1:colcon.colcon_core.environment:checking '/home/tuan/CPP/install/search_map/lib/python3.10/site-packages'
[12.890s] Level 1:colcon.colcon_core.environment:checking '/home/tuan/CPP/install/search_map/bin'
[12.891s] INFO:colcon.colcon_core.shell:Creating package script '/home/tuan/CPP/install/search_map/share/search_map/package.ps1'
[12.893s] INFO:colcon.colcon_core.shell:Creating package descriptor '/home/tuan/CPP/install/search_map/share/search_map/package.dsv'
[12.895s] INFO:colcon.colcon_core.shell:Creating package script '/home/tuan/CPP/install/search_map/share/search_map/package.sh'
[12.898s] INFO:colcon.colcon_core.shell:Creating package script '/home/tuan/CPP/install/search_map/share/search_map/package.bash'
[12.899s] INFO:colcon.colcon_core.shell:Creating package script '/home/tuan/CPP/install/search_map/share/search_map/package.zsh'
[12.900s] Level 1:colcon.colcon_core.environment:create_file_with_runtime_dependencies(/home/tuan/CPP/install/search_map/share/colcon-core/packages/search_map)
[12.959s] Level 1:colcon.colcon_core.environment:create_environment_scripts_only(search_map)
[12.960s] Level 1:colcon.colcon_core.environment:checking '/home/tuan/CPP/install/search_map' for CMake module files
[12.961s] Level 1:colcon.colcon_core.environment:checking '/home/tuan/CPP/install/search_map' for CMake config files
[12.962s] Level 1:colcon.colcon_core.shell:create_environment_hook('search_map', 'cmake_prefix_path')
[12.963s] INFO:colcon.colcon_core.shell:Creating environment hook '/home/tuan/CPP/install/search_map/share/search_map/hook/cmake_prefix_path.ps1'
[12.964s] INFO:colcon.colcon_core.shell:Creating environment descriptor '/home/tuan/CPP/install/search_map/share/search_map/hook/cmake_prefix_path.dsv'
[12.965s] INFO:colcon.colcon_core.shell:Creating environment hook '/home/tuan/CPP/install/search_map/share/search_map/hook/cmake_prefix_path.sh'
[12.966s] Level 1:colcon.colcon_core.environment:checking '/home/tuan/CPP/install/search_map/lib'
[12.966s] Level 1:colcon.colcon_core.shell:create_environment_hook('search_map', 'ld_library_path_lib')
[12.967s] INFO:colcon.colcon_core.shell:Creating environment hook '/home/tuan/CPP/install/search_map/share/search_map/hook/ld_library_path_lib.ps1'
[12.969s] INFO:colcon.colcon_core.shell:Creating environment descriptor '/home/tuan/CPP/install/search_map/share/search_map/hook/ld_library_path_lib.dsv'
[12.970s] INFO:colcon.colcon_core.shell:Creating environment hook '/home/tuan/CPP/install/search_map/share/search_map/hook/ld_library_path_lib.sh'
[12.970s] Level 1:colcon.colcon_core.environment:checking '/home/tuan/CPP/install/search_map/bin'
[12.971s] Level 1:colcon.colcon_core.environment:checking '/home/tuan/CPP/install/search_map/lib/pkgconfig/search_map.pc'
[12.971s] Level 1:colcon.colcon_core.environment:checking '/home/tuan/CPP/install/search_map/lib/python3.10/site-packages'
[12.972s] Level 1:colcon.colcon_core.environment:checking '/home/tuan/CPP/install/search_map/bin'
[12.973s] INFO:colcon.colcon_core.shell:Creating package script '/home/tuan/CPP/install/search_map/share/search_map/package.ps1'
[12.974s] INFO:colcon.colcon_core.shell:Creating package descriptor '/home/tuan/CPP/install/search_map/share/search_map/package.dsv'
[12.975s] INFO:colcon.colcon_core.shell:Creating package script '/home/tuan/CPP/install/search_map/share/search_map/package.sh'
[12.976s] INFO:colcon.colcon_core.shell:Creating package script '/home/tuan/CPP/install/search_map/share/search_map/package.bash'
[12.977s] INFO:colcon.colcon_core.shell:Creating package script '/home/tuan/CPP/install/search_map/share/search_map/package.zsh'
[12.977s] Level 1:colcon.colcon_core.environment:create_file_with_runtime_dependencies(/home/tuan/CPP/install/search_map/share/colcon-core/packages/search_map)
[12.978s] DEBUG:colcon.colcon_parallel_executor.executor.parallel:closing loop
[12.978s] DEBUG:colcon.colcon_parallel_executor.executor.parallel:loop closed
[12.979s] DEBUG:colcon.colcon_parallel_executor.executor.parallel:run_until_complete finished with '0'
[12.979s] DEBUG:colcon.colcon_core.event_reactor:joining thread
[12.988s] INFO:colcon.colcon_core.plugin_system:Skipping extension 'colcon_notification.desktop_notification.terminal_notifier': Not used on non-Darwin systems
[12.988s] INFO:colcon.colcon_core.plugin_system:Skipping extension 'colcon_notification.desktop_notification.win32': Not used on non-Windows systems
[12.988s] INFO:colcon.colcon_notification.desktop_notification:Sending desktop notification using 'notify2'
[13.012s] DEBUG:colcon.colcon_core.event_reactor:joined thread
[13.013s] INFO:colcon.colcon_core.shell:Creating prefix script '/home/tuan/CPP/install/local_setup.ps1'
[13.015s] INFO:colcon.colcon_core.shell:Creating prefix util module '/home/tuan/CPP/install/_local_setup_util_ps1.py'
[13.018s] INFO:colcon.colcon_core.shell:Creating prefix chain script '/home/tuan/CPP/install/setup.ps1'
[13.021s] INFO:colcon.colcon_core.shell:Creating prefix script '/home/tuan/CPP/install/local_setup.sh'
[13.022s] INFO:colcon.colcon_core.shell:Creating prefix util module '/home/tuan/CPP/install/_local_setup_util_sh.py'
[13.024s] INFO:colcon.colcon_core.shell:Creating prefix chain script '/home/tuan/CPP/install/setup.sh'
[13.027s] INFO:colcon.colcon_core.shell:Creating prefix script '/home/tuan/CPP/install/local_setup.bash'
[13.028s] INFO:colcon.colcon_core.shell:Creating prefix chain script '/home/tuan/CPP/install/setup.bash'
[13.030s] INFO:colcon.colcon_core.shell:Creating prefix script '/home/tuan/CPP/install/local_setup.zsh'
[13.032s] INFO:colcon.colcon_core.shell:Creating prefix chain script '/home/tuan/CPP/install/setup.zsh'
