[0.025s] Invoking command in '/home/tuan/CPP/build/search_map': CMAKE_PREFIX_PATH=/opt/ros/humble /usr/bin/cmake --build /home/tuan/CPP/build/search_map -- -j8 -l8
[0.047s] /usr/bin/cmake -S/home/tuan/CPP -B/home/tuan/CPP/build/search_map --check-build-system CMakeFiles/Makefile.cmake 0
[0.113s] /usr/bin/cmake -E cmake_progress_start /home/tuan/CPP/build/search_map/CMakeFiles /home/tuan/CPP/build/search_map//CMakeFiles/progress.marks
[0.126s] /usr/bin/gmake  -f CMakeFiles/Makefile2 all
[0.128s] gmake[1]: Entering directory '/home/tuan/CPP/build/search_map'
[0.129s] /usr/bin/gmake  -f CMakeFiles/search_map_package.dir/build.make CMakeFiles/search_map_package.dir/depend
[0.139s] gmake[2]: Entering directory '/home/tuan/CPP/build/search_map'
[0.139s] cd /home/tuan/CPP/build/search_map && /usr/bin/cmake -E cmake_depends "Unix Makefiles" /home/tuan/CPP /home/tuan/CPP /home/tuan/CPP/build/search_map /home/tuan/CPP/build/search_map /home/tuan/CPP/build/search_map/CMakeFiles/search_map_package.dir/DependInfo.cmake --color=
[0.157s] [35m[1mConsolidate compiler generated dependencies of target search_map_package[0m
[0.174s] gmake[2]: Leaving directory '/home/tuan/CPP/build/search_map'
[0.174s] /usr/bin/gmake  -f CMakeFiles/search_map_package.dir/build.make CMakeFiles/search_map_package.dir/build
[0.187s] gmake[2]: Entering directory '/home/tuan/CPP/build/search_map'
[0.187s] gmake[2]: Nothing to be done for 'CMakeFiles/search_map_package.dir/build'.
[0.187s] gmake[2]: Leaving directory '/home/tuan/CPP/build/search_map'
[0.199s] [ 60%] Built target search_map_package
[0.201s] /usr/bin/gmake  -f CMakeFiles/search_map.dir/build.make CMakeFiles/search_map.dir/depend
[0.215s] gmake[2]: Entering directory '/home/tuan/CPP/build/search_map'
[0.215s] cd /home/tuan/CPP/build/search_map && /usr/bin/cmake -E cmake_depends "Unix Makefiles" /home/tuan/CPP /home/tuan/CPP /home/tuan/CPP/build/search_map /home/tuan/CPP/build/search_map /home/tuan/CPP/build/search_map/CMakeFiles/search_map.dir/DependInfo.cmake --color=
[0.237s] [35m[1mConsolidate compiler generated dependencies of target search_map[0m
[0.252s] gmake[2]: Leaving directory '/home/tuan/CPP/build/search_map'
[0.252s] /usr/bin/gmake  -f CMakeFiles/search_map.dir/build.make CMakeFiles/search_map.dir/build
[0.262s] gmake[2]: Entering directory '/home/tuan/CPP/build/search_map'
[0.263s] gmake[2]: Nothing to be done for 'CMakeFiles/search_map.dir/build'.
[0.263s] gmake[2]: Leaving directory '/home/tuan/CPP/build/search_map'
[0.277s] [100%] Built target search_map
[0.279s] gmake[1]: Leaving directory '/home/tuan/CPP/build/search_map'
[0.280s] /usr/bin/cmake -E cmake_progress_start /home/tuan/CPP/build/search_map/CMakeFiles 0
[0.302s] Invoked command in '/home/tuan/CPP/build/search_map' returned '0': CMAKE_PREFIX_PATH=/opt/ros/humble /usr/bin/cmake --build /home/tuan/CPP/build/search_map -- -j8 -l8
[0.394s] Invoking command in '/home/tuan/CPP/build/search_map': CMAKE_PREFIX_PATH=/opt/ros/humble /usr/bin/cmake --install /home/tuan/CPP/build/search_map
[0.408s] -- Install configuration: ""
[0.410s] -- Execute custom install script
[0.411s] -- Up-to-date symlink: /home/tuan/CPP/install/search_map/lib/libsearch_map_package.so
[0.413s] -- Up-to-date symlink: /home/tuan/CPP/install/search_map/include//algorithm/a_start.hpp
[0.413s] -- Up-to-date symlink: /home/tuan/CPP/install/search_map/include//algorithm/dijkstra.hpp
[0.414s] -- Up-to-date symlink: /home/tuan/CPP/install/search_map/include//algorithm_base.hpp
[0.414s] -- Up-to-date symlink: /home/tuan/CPP/install/search_map/include//data_interface.hpp
[0.414s] -- Up-to-date symlink: /home/tuan/CPP/install/search_map/include//utils/geometry_utils.hpp
[0.415s] -- Up-to-date symlink: /home/tuan/CPP/install/search_map/include//utils/map_utils.hpp
[0.415s] -- Up-to-date symlink: /home/tuan/CPP/install/search_map/include//utils/math_utils.hpp
[0.415s] -- Up-to-date symlink: /home/tuan/CPP/install/search_map/include//utils/search_utils.hpp
[0.416s] -- Up-to-date symlink: /home/tuan/CPP/install/search_map/lib/search_map/search_map
[0.416s] -- Up-to-date symlink: /home/tuan/CPP/install/search_map/share/search_map//launch/search_map.launch.py
[0.417s] -- Up-to-date symlink: /home/tuan/CPP/install/search_map/share/search_map//param/param.yaml
[0.417s] -- Up-to-date symlink: /home/tuan/CPP/install/search_map/share/search_map//map/map.pgm
[0.418s] -- Up-to-date symlink: /home/tuan/CPP/install/search_map/share/search_map//map/map.yaml
[0.418s] -- Up-to-date symlink: /home/tuan/CPP/install/search_map/share/search_map//search_algorithm_lib.xml
[0.419s] -- Up-to-date symlink: /home/tuan/CPP/install/search_map/share/ament_index/resource_index/package_run_dependencies/search_map
[0.419s] -- Up-to-date symlink: /home/tuan/CPP/install/search_map/share/ament_index/resource_index/parent_prefix_path/search_map
[0.420s] -- Up-to-date symlink: /home/tuan/CPP/install/search_map/share/search_map/environment/ament_prefix_path.sh
[0.420s] -- Up-to-date symlink: /home/tuan/CPP/install/search_map/share/search_map/environment/ament_prefix_path.dsv
[0.421s] -- Up-to-date symlink: /home/tuan/CPP/install/search_map/share/search_map/environment/path.sh
[0.421s] -- Up-to-date symlink: /home/tuan/CPP/install/search_map/share/search_map/environment/path.dsv
[0.421s] -- Up-to-date symlink: /home/tuan/CPP/install/search_map/share/search_map/local_setup.bash
[0.422s] -- Up-to-date symlink: /home/tuan/CPP/install/search_map/share/search_map/local_setup.sh
[0.422s] -- Up-to-date symlink: /home/tuan/CPP/install/search_map/share/search_map/local_setup.zsh
[0.423s] -- Up-to-date symlink: /home/tuan/CPP/install/search_map/share/search_map/local_setup.dsv
[0.423s] -- Symlinking: /home/tuan/CPP/install/search_map/share/search_map/package.dsv
[0.446s] -- Up-to-date symlink: /home/tuan/CPP/install/search_map/share/ament_index/resource_index/packages/search_map
[0.446s] -- Up-to-date symlink: /home/tuan/CPP/install/search_map/share/ament_index/resource_index/search_map__pluginlib__plugin/search_map
[0.447s] -- Up-to-date symlink: /home/tuan/CPP/install/search_map/share/search_map/cmake/search_mapConfig.cmake
[0.447s] -- Up-to-date symlink: /home/tuan/CPP/install/search_map/share/search_map/cmake/search_mapConfig-version.cmake
[0.448s] -- Up-to-date symlink: /home/tuan/CPP/install/search_map/share/search_map/package.xml
[0.451s] Invoked command in '/home/tuan/CPP/build/search_map' returned '0': CMAKE_PREFIX_PATH=/opt/ros/humble /usr/bin/cmake --install /home/tuan/CPP/build/search_map
