[0.185s] DEBUG:colcon:Command line arguments: ['/usr/bin/colcon', 'build', '--symlink-install']
[0.185s] DEBUG:colcon:Parsed command line arguments: Namespace(log_base=None, log_level=None, verb_name='build', build_base='build', install_base='install', merge_install=False, symlink_install=True, test_result_base=None, continue_on_error=False, executor='parallel', parallel_workers=8, event_handlers=None, ignore_user_meta=False, metas=['./colcon.meta'], base_paths=['.'], packages_ignore=None, packages_ignore_regex=None, paths=None, packages_up_to=None, packages_up_to_regex=None, packages_above=None, packages_above_and_dependencies=None, packages_above_depth=None, packages_select_by_dep=None, packages_skip_by_dep=None, packages_skip_up_to=None, packages_select_build_failed=False, packages_skip_build_finished=False, packages_select_test_failures=False, packages_skip_test_passed=False, packages_select=None, packages_skip=None, packages_select_regex=None, packages_skip_regex=None, packages_start=None, packages_end=None, allow_overriding=[], cmake_args=None, cmake_target=None, cmake_target_skip_unavailable=False, cmake_clean_cache=False, cmake_clean_first=False, cmake_force_configure=False, ament_cmake_args=None, catkin_cmake_args=None, catkin_skip_building_tests=False, verb_parser=<colcon_defaults.argument_parser.defaults.DefaultArgumentsDecorator object at 0x757a78f60d30>, verb_extension=<colcon_core.verb.build.BuildVerb object at 0x757a78f60820>, main=<bound method BuildVerb.main of <colcon_core.verb.build.BuildVerb object at 0x757a78f60820>>)
[0.454s] Level 1:colcon.colcon_core.package_discovery:discover_packages(colcon_meta) check parameters
[0.454s] Level 1:colcon.colcon_core.package_discovery:discover_packages(recursive) check parameters
[0.454s] Level 1:colcon.colcon_core.package_discovery:discover_packages(ignore) check parameters
[0.454s] Level 1:colcon.colcon_core.package_discovery:discover_packages(path) check parameters
[0.454s] Level 1:colcon.colcon_core.package_discovery:discover_packages(colcon_meta) discover
[0.454s] Level 1:colcon.colcon_core.package_discovery:discover_packages(recursive) discover
[0.454s] INFO:colcon.colcon_core.package_discovery:Crawling recursively for packages in '/home/tuan/CPP'
[0.455s] Level 1:colcon.colcon_core.package_identification:_identify(.) by extensions ['ignore', 'ignore_ament_install']
[0.455s] Level 1:colcon.colcon_core.package_identification:_identify(.) by extension 'ignore'
[0.455s] Level 1:colcon.colcon_core.package_identification:_identify(.) by extension 'ignore_ament_install'
[0.456s] Level 1:colcon.colcon_core.package_identification:_identify(.) by extensions ['colcon_pkg']
[0.456s] Level 1:colcon.colcon_core.package_identification:_identify(.) by extension 'colcon_pkg'
[0.456s] Level 1:colcon.colcon_core.package_identification:_identify(.) by extensions ['colcon_meta']
[0.456s] Level 1:colcon.colcon_core.package_identification:_identify(.) by extension 'colcon_meta'
[0.456s] Level 1:colcon.colcon_core.package_identification:_identify(.) by extensions ['ros']
[0.456s] Level 1:colcon.colcon_core.package_identification:_identify(.) by extension 'ros'
[0.494s] DEBUG:colcon.colcon_core.package_identification:Package '.' with type 'ros.ament_cmake' and name 'search_map'
[0.494s] Level 1:colcon.colcon_core.package_discovery:discover_packages(recursive) using defaults
[0.494s] Level 1:colcon.colcon_core.package_discovery:discover_packages(ignore) discover
[0.494s] Level 1:colcon.colcon_core.package_discovery:discover_packages(ignore) using defaults
[0.494s] Level 1:colcon.colcon_core.package_discovery:discover_packages(path) discover
[0.494s] Level 1:colcon.colcon_core.package_discovery:discover_packages(path) using defaults
[0.533s] Level 1:colcon.colcon_core.package_discovery:discover_packages(prefix_path) check parameters
[0.533s] Level 1:colcon.colcon_core.package_discovery:discover_packages(prefix_path) discover
[0.538s] DEBUG:colcon.colcon_installed_package_information.package_discovery:Found 330 installed packages in /opt/ros/humble
[0.560s] Level 1:colcon.colcon_core.package_discovery:discover_packages(prefix_path) using defaults
[0.638s] Level 5:colcon.colcon_core.verb:set package 'search_map' build argument 'cmake_args' from command line to 'None'
[0.638s] Level 5:colcon.colcon_core.verb:set package 'search_map' build argument 'cmake_target' from command line to 'None'
[0.638s] Level 5:colcon.colcon_core.verb:set package 'search_map' build argument 'cmake_target_skip_unavailable' from command line to 'False'
[0.638s] Level 5:colcon.colcon_core.verb:set package 'search_map' build argument 'cmake_clean_cache' from command line to 'False'
[0.638s] Level 5:colcon.colcon_core.verb:set package 'search_map' build argument 'cmake_clean_first' from command line to 'False'
[0.638s] Level 5:colcon.colcon_core.verb:set package 'search_map' build argument 'cmake_force_configure' from command line to 'False'
[0.638s] Level 5:colcon.colcon_core.verb:set package 'search_map' build argument 'ament_cmake_args' from command line to 'None'
[0.638s] Level 5:colcon.colcon_core.verb:set package 'search_map' build argument 'catkin_cmake_args' from command line to 'None'
[0.639s] Level 5:colcon.colcon_core.verb:set package 'search_map' build argument 'catkin_skip_building_tests' from command line to 'False'
[0.639s] DEBUG:colcon.colcon_core.verb:Building package 'search_map' with the following arguments: {'ament_cmake_args': None, 'build_base': '/home/tuan/CPP/build/search_map', 'catkin_cmake_args': None, 'catkin_skip_building_tests': False, 'cmake_args': None, 'cmake_clean_cache': False, 'cmake_clean_first': False, 'cmake_force_configure': False, 'cmake_target': None, 'cmake_target_skip_unavailable': False, 'install_base': '/home/tuan/CPP/install/search_map', 'merge_install': False, 'path': '/home/tuan/CPP', 'symlink_install': True, 'test_result_base': None}
[0.639s] INFO:colcon.colcon_core.executor:Executing jobs using 'parallel' executor
[0.641s] DEBUG:colcon.colcon_parallel_executor.executor.parallel:run_until_complete
[0.641s] INFO:colcon.colcon_ros.task.ament_cmake.build:Building ROS package in '/home/tuan/CPP' with build type 'ament_cmake'
[0.641s] INFO:colcon.colcon_cmake.task.cmake.build:Building CMake package in '/home/tuan/CPP'
[0.645s] INFO:colcon.colcon_core.plugin_system:Skipping extension 'colcon_core.shell.bat': Not used on non-Windows systems
[0.646s] INFO:colcon.colcon_core.shell:Skip shell extension 'powershell' for command environment: Not usable outside of PowerShell
[0.646s] DEBUG:colcon.colcon_core.shell:Skip shell extension 'dsv' for command environment
[0.662s] DEBUG:colcon.colcon_core.event_handler.log_command:Invoking command in '/home/tuan/CPP/build/search_map': CMAKE_PREFIX_PATH=/opt/ros/humble /usr/bin/cmake --build /home/tuan/CPP/build/search_map -- -j8 -l8
[12.621s] DEBUG:colcon.colcon_core.event_handler.log_command:Invoked command in '/home/tuan/CPP/build/search_map' returned '0': CMAKE_PREFIX_PATH=/opt/ros/humble /usr/bin/cmake --build /home/tuan/CPP/build/search_map -- -j8 -l8
[12.696s] DEBUG:colcon.colcon_core.event_handler.log_command:Invoking command in '/home/tuan/CPP/build/search_map': CMAKE_PREFIX_PATH=/opt/ros/humble /usr/bin/cmake --install /home/tuan/CPP/build/search_map
[12.744s] Level 1:colcon.colcon_core.environment:create_environment_scripts_only(search_map)
[12.746s] DEBUG:colcon.colcon_core.event_handler.log_command:Invoked command in '/home/tuan/CPP/build/search_map' returned '0': CMAKE_PREFIX_PATH=/opt/ros/humble /usr/bin/cmake --install /home/tuan/CPP/build/search_map
[12.749s] Level 1:colcon.colcon_core.environment:checking '/home/tuan/CPP/install/search_map' for CMake module files
[12.750s] Level 1:colcon.colcon_core.environment:checking '/home/tuan/CPP/install/search_map' for CMake config files
[12.751s] Level 1:colcon.colcon_core.shell:create_environment_hook('search_map', 'cmake_prefix_path')
[12.752s] INFO:colcon.colcon_core.shell:Creating environment hook '/home/tuan/CPP/install/search_map/share/search_map/hook/cmake_prefix_path.ps1'
[12.753s] INFO:colcon.colcon_core.shell:Creating environment descriptor '/home/tuan/CPP/install/search_map/share/search_map/hook/cmake_prefix_path.dsv'
[12.754s] INFO:colcon.colcon_core.shell:Creating environment hook '/home/tuan/CPP/install/search_map/share/search_map/hook/cmake_prefix_path.sh'
[12.755s] Level 1:colcon.colcon_core.environment:checking '/home/tuan/CPP/install/search_map/lib'
[12.756s] Level 1:colcon.colcon_core.shell:create_environment_hook('search_map', 'ld_library_path_lib')
[12.756s] INFO:colcon.colcon_core.shell:Creating environment hook '/home/tuan/CPP/install/search_map/share/search_map/hook/ld_library_path_lib.ps1'
[12.756s] INFO:colcon.colcon_core.shell:Creating environment descriptor '/home/tuan/CPP/install/search_map/share/search_map/hook/ld_library_path_lib.dsv'
[12.757s] INFO:colcon.colcon_core.shell:Creating environment hook '/home/tuan/CPP/install/search_map/share/search_map/hook/ld_library_path_lib.sh'
[12.757s] Level 1:colcon.colcon_core.environment:checking '/home/tuan/CPP/install/search_map/bin'
[12.757s] Level 1:colcon.colcon_core.environment:checking '/home/tuan/CPP/install/search_map/lib/pkgconfig/search_map.pc'
[12.758s] Level 1:colcon.colcon_core.environment:checking '/home/tuan/CPP/install/search_map/lib/python3.10/site-packages'
[12.758s] Level 1:colcon.colcon_core.environment:checking '/home/tuan/CPP/install/search_map/bin'
[12.759s] INFO:colcon.colcon_core.shell:Creating package script '/home/tuan/CPP/install/search_map/share/search_map/package.ps1'
[12.760s] INFO:colcon.colcon_core.shell:Creating package descriptor '/home/tuan/CPP/install/search_map/share/search_map/package.dsv'
[12.760s] INFO:colcon.colcon_core.shell:Creating package script '/home/tuan/CPP/install/search_map/share/search_map/package.sh'
[12.762s] INFO:colcon.colcon_core.shell:Creating package script '/home/tuan/CPP/install/search_map/share/search_map/package.bash'
[12.763s] INFO:colcon.colcon_core.shell:Creating package script '/home/tuan/CPP/install/search_map/share/search_map/package.zsh'
[12.764s] Level 1:colcon.colcon_core.environment:create_file_with_runtime_dependencies(/home/tuan/CPP/install/search_map/share/colcon-core/packages/search_map)
[12.831s] Level 1:colcon.colcon_core.environment:create_environment_scripts_only(search_map)
[12.831s] Level 1:colcon.colcon_core.environment:checking '/home/tuan/CPP/install/search_map' for CMake module files
[12.833s] Level 1:colcon.colcon_core.environment:checking '/home/tuan/CPP/install/search_map' for CMake config files
[12.834s] Level 1:colcon.colcon_core.shell:create_environment_hook('search_map', 'cmake_prefix_path')
[12.835s] INFO:colcon.colcon_core.shell:Creating environment hook '/home/tuan/CPP/install/search_map/share/search_map/hook/cmake_prefix_path.ps1'
[12.836s] INFO:colcon.colcon_core.shell:Creating environment descriptor '/home/tuan/CPP/install/search_map/share/search_map/hook/cmake_prefix_path.dsv'
[12.837s] INFO:colcon.colcon_core.shell:Creating environment hook '/home/tuan/CPP/install/search_map/share/search_map/hook/cmake_prefix_path.sh'
[12.838s] Level 1:colcon.colcon_core.environment:checking '/home/tuan/CPP/install/search_map/lib'
[12.838s] Level 1:colcon.colcon_core.shell:create_environment_hook('search_map', 'ld_library_path_lib')
[12.838s] INFO:colcon.colcon_core.shell:Creating environment hook '/home/tuan/CPP/install/search_map/share/search_map/hook/ld_library_path_lib.ps1'
[12.839s] INFO:colcon.colcon_core.shell:Creating environment descriptor '/home/tuan/CPP/install/search_map/share/search_map/hook/ld_library_path_lib.dsv'
[12.840s] INFO:colcon.colcon_core.shell:Creating environment hook '/home/tuan/CPP/install/search_map/share/search_map/hook/ld_library_path_lib.sh'
[12.841s] Level 1:colcon.colcon_core.environment:checking '/home/tuan/CPP/install/search_map/bin'
[12.841s] Level 1:colcon.colcon_core.environment:checking '/home/tuan/CPP/install/search_map/lib/pkgconfig/search_map.pc'
[12.842s] Level 1:colcon.colcon_core.environment:checking '/home/tuan/CPP/install/search_map/lib/python3.10/site-packages'
[12.843s] Level 1:colcon.colcon_core.environment:checking '/home/tuan/CPP/install/search_map/bin'
[12.845s] INFO:colcon.colcon_core.shell:Creating package script '/home/tuan/CPP/install/search_map/share/search_map/package.ps1'
[12.846s] INFO:colcon.colcon_core.shell:Creating package descriptor '/home/tuan/CPP/install/search_map/share/search_map/package.dsv'
[12.847s] INFO:colcon.colcon_core.shell:Creating package script '/home/tuan/CPP/install/search_map/share/search_map/package.sh'
[12.847s] INFO:colcon.colcon_core.shell:Creating package script '/home/tuan/CPP/install/search_map/share/search_map/package.bash'
[12.848s] INFO:colcon.colcon_core.shell:Creating package script '/home/tuan/CPP/install/search_map/share/search_map/package.zsh'
[12.850s] Level 1:colcon.colcon_core.environment:create_file_with_runtime_dependencies(/home/tuan/CPP/install/search_map/share/colcon-core/packages/search_map)
[12.851s] DEBUG:colcon.colcon_parallel_executor.executor.parallel:closing loop
[12.852s] DEBUG:colcon.colcon_parallel_executor.executor.parallel:loop closed
[12.852s] DEBUG:colcon.colcon_parallel_executor.executor.parallel:run_until_complete finished with '0'
[12.852s] DEBUG:colcon.colcon_core.event_reactor:joining thread
[12.862s] INFO:colcon.colcon_core.plugin_system:Skipping extension 'colcon_notification.desktop_notification.terminal_notifier': Not used on non-Darwin systems
[12.862s] INFO:colcon.colcon_core.plugin_system:Skipping extension 'colcon_notification.desktop_notification.win32': Not used on non-Windows systems
[12.863s] INFO:colcon.colcon_notification.desktop_notification:Sending desktop notification using 'notify2'
[12.886s] DEBUG:colcon.colcon_core.event_reactor:joined thread
[12.887s] INFO:colcon.colcon_core.shell:Creating prefix script '/home/tuan/CPP/install/local_setup.ps1'
[12.889s] INFO:colcon.colcon_core.shell:Creating prefix util module '/home/tuan/CPP/install/_local_setup_util_ps1.py'
[12.892s] INFO:colcon.colcon_core.shell:Creating prefix chain script '/home/tuan/CPP/install/setup.ps1'
[12.895s] INFO:colcon.colcon_core.shell:Creating prefix script '/home/tuan/CPP/install/local_setup.sh'
[12.896s] INFO:colcon.colcon_core.shell:Creating prefix util module '/home/tuan/CPP/install/_local_setup_util_sh.py'
[12.897s] INFO:colcon.colcon_core.shell:Creating prefix chain script '/home/tuan/CPP/install/setup.sh'
[12.899s] INFO:colcon.colcon_core.shell:Creating prefix script '/home/tuan/CPP/install/local_setup.bash'
[12.900s] INFO:colcon.colcon_core.shell:Creating prefix chain script '/home/tuan/CPP/install/setup.bash'
[12.903s] INFO:colcon.colcon_core.shell:Creating prefix script '/home/tuan/CPP/install/local_setup.zsh'
[12.905s] INFO:colcon.colcon_core.shell:Creating prefix chain script '/home/tuan/CPP/install/setup.zsh'
