In file included from [01m[K/opt/ros/humble/include/rclcpp/rclcpp/logging.hpp:24[m[K,
                 from [01m[K/opt/ros/humble/include/rclcpp/rclcpp/client.hpp:40[m[K,
                 from [01m[K/opt/ros/humble/include/rclcpp/rclcpp/callback_group.hpp:24[m[K,
                 from [01m[K/opt/ros/humble/include/rclcpp/rclcpp/any_executable.hpp:20[m[K,
                 from [01m[K/opt/ros/humble/include/rclcpp/rclcpp/memory_strategy.hpp:25[m[K,
                 from [01m[K/opt/ros/humble/include/rclcpp/rclcpp/memory_strategies.hpp:18[m[K,
                 from [01m[K/opt/ros/humble/include/rclcpp/rclcpp/executor_options.hpp:20[m[K,
                 from [01m[K/opt/ros/humble/include/rclcpp/rclcpp/executor.hpp:37[m[K,
                 from [01m[K/opt/ros/humble/include/rclcpp/rclcpp/executors/multi_threaded_executor.hpp:25[m[K,
                 from [01m[K/opt/ros/humble/include/rclcpp/rclcpp/executors.hpp:21[m[K,
                 from [01m[K/opt/ros/humble/include/rclcpp/rclcpp/rclcpp.hpp:155[m[K,
                 from [01m[K/home/tuan/CPP/include/algorithm_base.hpp:7[m[K,
                 from [01m[K/home/tuan/CPP/include/algorithm/dijkstra.hpp:8[m[K,
                 from [01m[K/home/tuan/CPP/src/alogrithm/dijkstra.cpp:1[m[K:
[01m[K/home/tuan/CPP/src/alogrithm/dijkstra.cpp:[m[K In member function ‘[01m[Kvoid search_map::dijkstra::Dijkstra::updatePointAroud(search_map::dijkstra::DijkstraCell::SharedPtr&, std::vector<long unsigned int>&, uint64_t)[m[K’:
[01m[K/home/tuan/CPP/src/alogrithm/dijkstra.cpp:111:43:[m[K [01;35m[Kwarning: [m[Kformat ‘[01m[K%d[m[K’ expects argument of type ‘[01m[Kint[m[K’, but argument 5 has type ‘[01m[Kstd::vector<long unsigned int>::size_type[m[K’ {aka ‘[01m[Klong unsigned int[m[K’} [[01;35m[K]8;;https://gcc.gnu.org/onlinedocs/gcc/Warning-Options.html#index-Wformat=-Wformat=]8;;[m[K]
  111 |         RCLCPP_ERROR(node_->get_logger(), [01;35m[K"%d"[m[K, [32m[Khash_cell.size()[m[K);
      |                                           [01;35m[K^~~~[m[K  [32m[K~~~~~~~~~~~~~~~~[m[K
      |                                                               [32m[K|[m[K
      |                                                               [32m[Kstd::vector<long unsigned int>::size_type {aka long unsigned int}[m[K
[01m[K/home/tuan/CPP/src/alogrithm/dijkstra.cpp:111:45:[m[K [01;36m[Knote: [m[Kformat string is defined here
  111 |         RCLCPP_ERROR(node_->get_logger(), "[01;36m[K%d[m[K", hash_cell.size());
      |                                            [01;36m[K~^[m[K
      |                                             [01;36m[K|[m[K
      |                                             [01;36m[Kint[m[K
      |                                            [32m[K%ld[m[K
[01m[K/home/tuan/CPP/src/alogrithm/dijkstra.cpp:[m[K In member function ‘[01m[Kvoid search_map::dijkstra::Dijkstra::finishTable(const uint64_t&)[m[K’:
[01m[K/home/tuan/CPP/src/alogrithm/dijkstra.cpp:119:14:[m[K [01;31m[Kerror: [m[Kdeclaration of ‘[01m[Kauto start_key[m[K’ shadows a parameter
  119 |         auto [01;31m[Kstart_key[m[K = start_cell->getHash();
      |              [01;31m[K^~~~~~~~~[m[K
[01m[K/home/tuan/CPP/src/alogrithm/dijkstra.cpp:113:48:[m[K [01;36m[Knote: [m[K‘[01m[Kconst uint64_t& start_key[m[K’ previously declared here
  113 |     void Dijkstra::finishTable([01;36m[Kconst uint64_t& start_key[m[K){
      |                                [01;36m[K~~~~~~~~~~~~~~~~^~~~~~~~~[m[K
gmake[2]: *** [CMakeFiles/search_map_package.dir/build.make:93: CMakeFiles/search_map_package.dir/src/alogrithm/dijkstra.cpp.o] Error 1
gmake[1]: *** [CMakeFiles/Makefile2:142: CMakeFiles/search_map_package.dir/all] Error 2
gmake: *** [Makefile:149: all] Error 2
