[0.022s] Invoking command in '/home/tuan/CPP/build/search_map': CMAKE_PREFIX_PATH=/opt/ros/humble /usr/bin/cmake --build /home/tuan/CPP/build/search_map -- -j8 -l8
[0.038s] /usr/bin/cmake -S/home/tuan/CPP -B/home/tuan/CPP/build/search_map --check-build-system CMakeFiles/Makefile.cmake 0
[0.064s] /usr/bin/cmake -E cmake_progress_start /home/tuan/CPP/build/search_map/CMakeFiles /home/tuan/CPP/build/search_map//CMakeFiles/progress.marks
[0.078s] /usr/bin/gmake  -f CMakeFiles/Makefile2 all
[0.080s] gmake[1]: Entering directory '/home/tuan/CPP/build/search_map'
[0.080s] /usr/bin/gmake  -f CMakeFiles/search_map_package.dir/build.make CMakeFiles/search_map_package.dir/depend
[0.087s] gmake[2]: Entering directory '/home/tuan/CPP/build/search_map'
[0.088s] cd /home/tuan/CPP/build/search_map && /usr/bin/cmake -E cmake_depends "Unix Makefiles" /home/tuan/CPP /home/tuan/CPP /home/tuan/CPP/build/search_map /home/tuan/CPP/build/search_map /home/tuan/CPP/build/search_map/CMakeFiles/search_map_package.dir/DependInfo.cmake --color=
[0.102s] [35m[1mConsolidate compiler generated dependencies of target search_map_package[0m
[0.119s] gmake[2]: Leaving directory '/home/tuan/CPP/build/search_map'
[0.119s] /usr/bin/gmake  -f CMakeFiles/search_map_package.dir/build.make CMakeFiles/search_map_package.dir/build
[0.135s] gmake[2]: Entering directory '/home/tuan/CPP/build/search_map'
[0.152s] [ 20%] [32mBuilding CXX object CMakeFiles/search_map_package.dir/src/alogrithm/dijkstra.cpp.o[0m
[0.155s] /usr/bin/c++ -DDEFAULT_RMW_IMPLEMENTATION=rmw_fastrtps_cpp -DGFLAGS_IS_A_DLL=0 -DGOOGLE_GLOG_DLL_DECL="" -DGOOGLE_GLOG_DLL_DECL_FOR_UNITTESTS="" -DPLUGINLIB__DISABLE_BOOST_FUNCTIONS -DRCUTILS_ENABLE_FAULT_INJECTION -Dsearch_map_package_EXPORTS -I/home/tuan/CPP/include -I/opt/ros/humble/include -I/opt/ros/humble/include/tf2_geometry_msgs -I/opt/ros/humble/include/rclcpp_lifecycle -I/opt/ros/humble/include/rclcpp_components -isystem /opt/ros/humble/include/sensor_msgs -isystem /opt/ros/humble/include/geometry_msgs -isystem /opt/ros/humble/include/nav_msgs -isystem /opt/ros/humble/include/rclcpp -isystem /opt/ros/humble/include/pluginlib -isystem /opt/ros/humble/include/nav2_msgs -isystem /opt/ros/humble/include/tf2_ros -isystem /opt/ros/humble/include/tf2 -isystem /opt/ros/humble/include/lifecycle_msgs -isystem /opt/ros/humble/include/rclcpp_action -isystem /opt/ros/humble/include/bond -isystem /opt/ros/humble/include/action_msgs -isystem /opt/ros/humble/include/rcl_interfaces -isystem /opt/ros/humble/include/std_msgs -isystem /opt/ros/humble/include/builtin_interfaces -isystem /opt/ros/humble/include/rosidl_runtime_c -isystem /opt/ros/humble/include/rcutils -isystem /opt/ros/humble/include/rosidl_typesupport_interface -isystem /opt/ros/humble/include/fastcdr -isystem /opt/ros/humble/include/rosidl_runtime_cpp -isystem /opt/ros/humble/include/rosidl_typesupport_fastrtps_cpp -isystem /opt/ros/humble/include/rmw -isystem /opt/ros/humble/include/rosidl_typesupport_fastrtps_c -isystem /opt/ros/humble/include/rosidl_typesupport_introspection_c -isystem /opt/ros/humble/include/rosidl_typesupport_introspection_cpp -isystem /opt/ros/humble/include/ament_index_cpp -isystem /opt/ros/humble/include/libstatistics_collector -isystem /opt/ros/humble/include/rcl -isystem /opt/ros/humble/include/rcl_logging_interface -isystem /opt/ros/humble/include/rcl_yaml_param_parser -isystem /opt/ros/humble/include/libyaml_vendor -isystem /opt/ros/humble/include/tracetools -isystem /opt/ros/humble/include/rcpputils -isystem /opt/ros/humble/include/statistics_msgs -isystem /opt/ros/humble/include/rosgraph_msgs -isystem /opt/ros/humble/include/rosidl_typesupport_cpp -isystem /opt/ros/humble/include/rosidl_typesupport_c -isystem /opt/ros/humble/include/class_loader -isystem /opt/ros/humble/include/composition_interfaces -isystem /opt/ros/humble/include/unique_identifier_msgs -isystem /opt/ros/humble/include/message_filters -isystem /opt/ros/humble/include/rcl_action -isystem /opt/ros/humble/include/tf2_msgs -isystem /usr/include/eigen3 -isystem /opt/ros/humble/include/rcl_lifecycle -fPIC -Wall -Wextra -Wpedantic -MD -MT CMakeFiles/search_map_package.dir/src/alogrithm/dijkstra.cpp.o -MF CMakeFiles/search_map_package.dir/src/alogrithm/dijkstra.cpp.o.d -o CMakeFiles/search_map_package.dir/src/alogrithm/dijkstra.cpp.o -c /home/tuan/CPP/src/alogrithm/dijkstra.cpp
[4.548s] In file included from [01m[K/opt/ros/humble/include/rclcpp/rclcpp/logging.hpp:24[m[K,
[4.548s]                  from [01m[K/opt/ros/humble/include/rclcpp/rclcpp/client.hpp:40[m[K,
[4.548s]                  from [01m[K/opt/ros/humble/include/rclcpp/rclcpp/callback_group.hpp:24[m[K,
[4.548s]                  from [01m[K/opt/ros/humble/include/rclcpp/rclcpp/any_executable.hpp:20[m[K,
[4.548s]                  from [01m[K/opt/ros/humble/include/rclcpp/rclcpp/memory_strategy.hpp:25[m[K,
[4.548s]                  from [01m[K/opt/ros/humble/include/rclcpp/rclcpp/memory_strategies.hpp:18[m[K,
[4.548s]                  from [01m[K/opt/ros/humble/include/rclcpp/rclcpp/executor_options.hpp:20[m[K,
[4.548s]                  from [01m[K/opt/ros/humble/include/rclcpp/rclcpp/executor.hpp:37[m[K,
[4.549s]                  from [01m[K/opt/ros/humble/include/rclcpp/rclcpp/executors/multi_threaded_executor.hpp:25[m[K,
[4.549s]                  from [01m[K/opt/ros/humble/include/rclcpp/rclcpp/executors.hpp:21[m[K,
[4.549s]                  from [01m[K/opt/ros/humble/include/rclcpp/rclcpp/rclcpp.hpp:155[m[K,
[4.549s]                  from [01m[K/home/tuan/CPP/include/algorithm_base.hpp:7[m[K,
[4.549s]                  from [01m[K/home/tuan/CPP/include/algorithm/dijkstra.hpp:8[m[K,
[4.549s]                  from [01m[K/home/tuan/CPP/src/alogrithm/dijkstra.cpp:1[m[K:
[4.549s] [01m[K/home/tuan/CPP/src/alogrithm/dijkstra.cpp:[m[K In member function ‘[01m[Kvoid search_map::dijkstra::Dijkstra::updatePointAroud(search_map::dijkstra::DijkstraCell::SharedPtr&, std::vector<long unsigned int>&, uint64_t)[m[K’:
[4.549s] [01m[K/home/tuan/CPP/src/alogrithm/dijkstra.cpp:111:43:[m[K [01;35m[Kwarning: [m[Kformat ‘[01m[K%d[m[K’ expects argument of type ‘[01m[Kint[m[K’, but argument 5 has type ‘[01m[Kstd::vector<long unsigned int>::size_type[m[K’ {aka ‘[01m[Klong unsigned int[m[K’} [[01;35m[K]8;;https://gcc.gnu.org/onlinedocs/gcc/Warning-Options.html#index-Wformat=-Wformat=]8;;[m[K]
[4.549s]   111 |         RCLCPP_ERROR(node_->get_logger(), [01;35m[K"%d"[m[K, [32m[Khash_cell.size()[m[K);
[4.549s]       |                                           [01;35m[K^~~~[m[K  [32m[K~~~~~~~~~~~~~~~~[m[K
[4.550s]       |                                                               [32m[K|[m[K
[4.550s]       |                                                               [32m[Kstd::vector<long unsigned int>::size_type {aka long unsigned int}[m[K
[4.550s] [01m[K/home/tuan/CPP/src/alogrithm/dijkstra.cpp:111:45:[m[K [01;36m[Knote: [m[Kformat string is defined here
[4.550s]   111 |         RCLCPP_ERROR(node_->get_logger(), "[01;36m[K%d[m[K", hash_cell.size());
[4.550s]       |                                            [01;36m[K~^[m[K
[4.550s]       |                                             [01;36m[K|[m[K
[4.551s]       |                                             [01;36m[Kint[m[K
[4.551s]       |                                            [32m[K%ld[m[K
[4.551s] [01m[K/home/tuan/CPP/src/alogrithm/dijkstra.cpp:[m[K In member function ‘[01m[Kvoid search_map::dijkstra::Dijkstra::finishTable(const uint64_t&)[m[K’:
[4.551s] [01m[K/home/tuan/CPP/src/alogrithm/dijkstra.cpp:119:14:[m[K [01;31m[Kerror: [m[Kdeclaration of ‘[01m[Kauto start_key[m[K’ shadows a parameter
[4.551s]   119 |         auto [01;31m[Kstart_key[m[K = start_cell->getHash();
[4.551s]       |              [01;31m[K^~~~~~~~~[m[K
[4.552s] [01m[K/home/tuan/CPP/src/alogrithm/dijkstra.cpp:113:48:[m[K [01;36m[Knote: [m[K‘[01m[Kconst uint64_t& start_key[m[K’ previously declared here
[4.552s]   113 |     void Dijkstra::finishTable([01;36m[Kconst uint64_t& start_key[m[K){
[4.552s]       |                                [01;36m[K~~~~~~~~~~~~~~~~^~~~~~~~~[m[K
[5.436s] gmake[2]: *** [CMakeFiles/search_map_package.dir/build.make:93: CMakeFiles/search_map_package.dir/src/alogrithm/dijkstra.cpp.o] Error 1
[5.437s] gmake[1]: *** [CMakeFiles/Makefile2:142: CMakeFiles/search_map_package.dir/all] Error 2
[5.437s] gmake: *** [Makefile:149: all] Error 2
[5.437s] gmake[2]: Leaving directory '/home/tuan/CPP/build/search_map'
[5.437s] gmake[1]: Leaving directory '/home/tuan/CPP/build/search_map'
[5.440s] Invoked command in '/home/tuan/CPP/build/search_map' returned '2': CMAKE_PREFIX_PATH=/opt/ros/humble /usr/bin/cmake --build /home/tuan/CPP/build/search_map -- -j8 -l8
